1642565251683	geckodriver	INFO	Listening on 127.0.0.1:59283
1642565254727	mozrunner::runner	INFO	Running command: "C:\\Program Files\\Mozilla Firefox\\firefox.exe" "--marionette" "--remote-debugging-port" "59284" "-no-remote" "-profile" "C:\\Users\\20125\\AppData\\Local\\Temp\\rust_mozprofileOsCHG0"
1642565255821	Marionette	INFO	Marionette enabled
console.warn: SearchSettings: "get: No settings file exists, new profile?" (new NotFoundError("Could not open the file at C:\\Users\\20125\\AppData\\Local\\Temp\\rust_mozprofileOsCHG0\\search.json.mozlz4", (void 0)))
DevTools listening on ws://localhost:59284/devtools/browser/94b146ec-359d-4b5a-9caf-20ef87e1042a
1642565257377	Marionette	INFO	Listening on port 59289
1642565257523	RemoteAgent	WARN	TLS certificate errors will be ignored for this session
1642565264944	Marionette	INFO	Stopped listening on port 59289
console.warn: TopSitesFeed: Failed to fetch data from Contile server: NetworkError when attempting to fetch resource.

###!!! [Parent][RunMessage] Error: Channel closing: too late to send/recv, messages will be lost

1642565291327	geckodriver	INFO	Listening on 127.0.0.1:59335
1642565294378	mozrunner::runner	INFO	Running command: "C:\\Program Files\\Mozilla Firefox\\firefox.exe" "--marionette" "--remote-debugging-port" "59336" "-no-remote" "-profile" "C:\\Users\\20125\\AppData\\Local\\Temp\\rust_mozprofilecVutRj"
1642565294627	Marionette	INFO	Marionette enabled
console.warn: SearchSettings: "get: No settings file exists, new profile?" (new NotFoundError("Could not open the file at C:\\Users\\20125\\AppData\\Local\\Temp\\rust_mozprofilecVutRj\\search.json.mozlz4", (void 0)))
DevTools listening on ws://localhost:59336/devtools/browser/4ba3c142-53c6-4cd0-8665-cf2d2528b088
1642565296320	Marionette	INFO	Listening on port 59341
1642565296414	RemoteAgent	WARN	TLS certificate errors will be ignored for this session
1642565425959	Marionette	INFO	Stopped listening on port 59341
console.warn: TopSitesFeed: Failed to fetch data from Contile server: NetworkError when attempting to fetch resource.

###!!! [Parent][RunMessage] Error: Channel closing: too late to send/recv, messages will be lost

1642565429542	geckodriver	INFO	Listening on 127.0.0.1:59418
1642565432601	mozrunner::runner	INFO	Running command: "C:\\Program Files\\Mozilla Firefox\\firefox.exe" "--marionette" "--remote-debugging-port" "59419" "-no-remote" "-profile" "C:\\Users\\20125\\AppData\\Local\\Temp\\rust_mozprofilezq5Jij"
1642565432991	Marionette	INFO	Marionette enabled
console.warn: SearchSettings: "get: No settings file exists, new profile?" (new NotFoundError("Could not open the file at C:\\Users\\20125\\AppData\\Local\\Temp\\rust_mozprofilezq5Jij\\search.json.mozlz4", (void 0)))
DevTools listening on ws://localhost:59419/devtools/browser/9f0e9f15-d655-4f9b-8514-15754e2ee723
1642565434384	Marionette	INFO	Listening on port 59424
1642565434636	RemoteAgent	WARN	TLS certificate errors will be ignored for this session
1642565498503	Marionette	INFO	Stopped listening on port 59424
console.warn: TopSitesFeed: Failed to fetch data from Contile server: NetworkError when attempting to fetch resource.

###!!! [Parent][RunMessage] Error: Channel closing: too late to send/recv, messages will be lost

1642565503489	geckodriver	INFO	Listening on 127.0.0.1:59474
1642565506538	mozrunner::runner	INFO	Running command: "C:\\Program Files\\Mozilla Firefox\\firefox.exe" "--marionette" "--remote-debugging-port" "59475" "-no-remote" "-profile" "C:\\Users\\20125\\AppData\\Local\\Temp\\rust_mozprofileX5wRVd"
1642565506794	Marionette	INFO	Marionette enabled
console.warn: SearchSettings: "get: No settings file exists, new profile?" (new NotFoundError("Could not open the file at C:\\Users\\20125\\AppData\\Local\\Temp\\rust_mozprofileX5wRVd\\search.json.mozlz4", (void 0)))
DevTools listening on ws://localhost:59475/devtools/browser/92181d09-9a8b-4d16-aa98-e8008fd8ab53
1642565508216	Marionette	INFO	Listening on port 59480
1642565508568	RemoteAgent	WARN	TLS certificate errors will be ignored for this session
1642565555474	Marionette	INFO	Stopped listening on port 59480
console.warn: TopSitesFeed: Failed to fetch data from Contile server: NetworkError when attempting to fetch resource.

###!!! [Parent][RunMessage] Error: Channel closing: too late to send/recv, messages will be lost

1642566092780	geckodriver	INFO	Listening on 127.0.0.1:59731
1642566095835	mozrunner::runner	INFO	Running command: "C:\\Program Files\\Mozilla Firefox\\firefox.exe" "--marionette" "--remote-debugging-port" "59732" "-no-remote" "-profile" "C:\\Users\\20125\\AppData\\Local\\Temp\\rust_mozprofilegKmHJE"
1642566096209	Marionette	INFO	Marionette enabled
console.warn: SearchSettings: "get: No settings file exists, new profile?" (new NotFoundError("Could not open the file at C:\\Users\\20125\\AppData\\Local\\Temp\\rust_mozprofilegKmHJE\\search.json.mozlz4", (void 0)))
JavaScript error: chrome://browser/content/places/browserPlacesViews.js, line 137: Error: No DOM node set for aPlacesNode.
node.type: 0. node.parent: [xpconnect wrapped nsINavHistoryResultNode]
DevTools listening on ws://localhost:59732/devtools/browser/65cbfc2f-7a62-4f37-adfd-1988c609d747
1642566097901	Marionette	INFO	Listening on port 59737
1642566097976	RemoteAgent	WARN	TLS certificate errors will be ignored for this session
1642566112809	Marionette	INFO	Stopped listening on port 59737
console.warn: TopSitesFeed: Failed to fetch data from Contile server: NetworkError when attempting to fetch resource.

###!!! [Parent][RunMessage] Error: Channel closing: too late to send/recv, messages will be lost

1642566114755	geckodriver	INFO	Listening on 127.0.0.1:59803
1642566117816	mozrunner::runner	INFO	Running command: "C:\\Program Files\\Mozilla Firefox\\firefox.exe" "--marionette" "--remote-debugging-port" "59804" "-no-remote" "-profile" "C:\\Users\\20125\\AppData\\Local\\Temp\\rust_mozprofile5bD1JA"
1642566118069	Marionette	INFO	Marionette enabled
console.warn: SearchSettings: "get: No settings file exists, new profile?" (new NotFoundError("Could not open the file at C:\\Users\\20125\\AppData\\Local\\Temp\\rust_mozprofile5bD1JA\\search.json.mozlz4", (void 0)))
DevTools listening on ws://localhost:59804/devtools/browser/d3acdfa8-1199-4ee8-aa4b-24a3f3d27c5a
1642566119638	Marionette	INFO	Listening on port 59809
1642566119846	RemoteAgent	WARN	TLS certificate errors will be ignored for this session
1642566126372	Marionette	INFO	Stopped listening on port 59809
console.warn: TopSitesFeed: Failed to fetch data from Contile server: NetworkError when attempting to fetch resource.

###!!! [Parent][RunMessage] Error: Channel closing: too late to send/recv, messages will be lost

1642566140714	geckodriver	INFO	Listening on 127.0.0.1:59848
1642566143760	mozrunner::runner	INFO	Running command: "C:\\Program Files\\Mozilla Firefox\\firefox.exe" "--marionette" "--remote-debugging-port" "59849" "-no-remote" "-profile" "C:\\Users\\20125\\AppData\\Local\\Temp\\rust_mozprofileDP23PF"
1642566144001	Marionette	INFO	Marionette enabled
console.warn: SearchSettings: "get: No settings file exists, new profile?" (new NotFoundError("Could not open the file at C:\\Users\\20125\\AppData\\Local\\Temp\\rust_mozprofileDP23PF\\search.json.mozlz4", (void 0)))
DevTools listening on ws://localhost:59849/devtools/browser/e962bfbe-2ba8-450d-8b52-03555be0e964
1642566145379	Marionette	INFO	Listening on port 59854
1642566145794	RemoteAgent	WARN	TLS certificate errors will be ignored for this session
1642566149843	Marionette	INFO	Stopped listening on port 59854
console.warn: TopSitesFeed: Failed to fetch data from Contile server: NetworkError when attempting to fetch resource.
JavaScript error: chrome://remote/content/marionette/cert.js, line 55: NS_ERROR_NOT_AVAILABLE: Component returned failure code: 0x80040111 (NS_ERROR_NOT_AVAILABLE) [nsICertOverrideService.setDisableAllSecurityChecksAndLetAttackersInterceptMyData]

###!!! [Parent][RunMessage] Error: Channel closing: too late to send/recv, messages will be lost

1642566159944	geckodriver	INFO	Listening on 127.0.0.1:59885
1642566163015	mozrunner::runner	INFO	Running command: "C:\\Program Files\\Mozilla Firefox\\firefox.exe" "--marionette" "--remote-debugging-port" "59886" "-no-remote" "-profile" "C:\\Users\\20125\\AppData\\Local\\Temp\\rust_mozprofile5Mp7Ls"
1642566163261	Marionette	INFO	Marionette enabled
console.warn: SearchSettings: "get: No settings file exists, new profile?" (new NotFoundError("Could not open the file at C:\\Users\\20125\\AppData\\Local\\Temp\\rust_mozprofile5Mp7Ls\\search.json.mozlz4", (void 0)))
DevTools listening on ws://localhost:59886/devtools/browser/9a023e22-17d2-46a8-a08f-a2ac7f9aa899
1642566164658	Marionette	INFO	Listening on port 59891
1642566165049	RemoteAgent	WARN	TLS certificate errors will be ignored for this session
JavaScript error: resource:///modules/UrlbarProviderHeuristicFallback.jsm, line 201: URIError: malformed URI sequence
1642566194502	Marionette	INFO	Stopped listening on port 59891
console.warn: TopSitesFeed: Failed to fetch data from Contile server: NetworkError when attempting to fetch resource.

###!!! [Parent][RunMessage] Error: Channel closing: too late to send/recv, messages will be lost

1642566204453	geckodriver	INFO	Listening on 127.0.0.1:59953
1642566207491	mozrunner::runner	INFO	Running command: "C:\\Program Files\\Mozilla Firefox\\firefox.exe" "--marionette" "--remote-debugging-port" "59954" "-no-remote" "-profile" "C:\\Users\\20125\\AppData\\Local\\Temp\\rust_mozprofileKfn8co"
1642566207737	Marionette	INFO	Marionette enabled
console.warn: SearchSettings: "get: No settings file exists, new profile?" (new NotFoundError("Could not open the file at C:\\Users\\20125\\AppData\\Local\\Temp\\rust_mozprofileKfn8co\\search.json.mozlz4", (void 0)))
DevTools listening on ws://localhost:59954/devtools/browser/e1fd16e5-d1f9-48f9-88c2-b6bdae0069f4
1642566209253	Marionette	INFO	Listening on port 59959
1642566209533	RemoteAgent	WARN	TLS certificate errors will be ignored for this session
1642566249713	Marionette	INFO	Stopped listening on port 59959
console.warn: TopSitesFeed: Failed to fetch data from Contile server: NetworkError when attempting to fetch resource.

###!!! [Parent][RunMessage] Error: Channel closing: too late to send/recv, messages will be lost

1642566273296	geckodriver	INFO	Listening on 127.0.0.1:60033
1642566276351	mozrunner::runner	INFO	Running command: "C:\\Program Files\\Mozilla Firefox\\firefox.exe" "--marionette" "--remote-debugging-port" "60034" "-no-remote" "-profile" "C:\\Users\\20125\\AppData\\Local\\Temp\\rust_mozprofiletsGtz3"
1642566276602	Marionette	INFO	Marionette enabled
console.warn: SearchSettings: "get: No settings file exists, new profile?" (new NotFoundError("Could not open the file at C:\\Users\\20125\\AppData\\Local\\Temp\\rust_mozprofiletsGtz3\\search.json.mozlz4", (void 0)))
DevTools listening on ws://localhost:60034/devtools/browser/78dd5ee1-496b-4795-b33c-c4048e3ad4d3
1642566277977	Marionette	INFO	Listening on port 60039
1642566278378	RemoteAgent	WARN	TLS certificate errors will be ignored for this session
1642566284223	Marionette	INFO	Stopped listening on port 60039
console.warn: TopSitesFeed: Failed to fetch data from Contile server: NetworkError when attempting to fetch resource.
JavaScript error: chrome://remote/content/marionette/cert.js, line 55: NS_ERROR_NOT_AVAILABLE: Component returned failure code: 0x80040111 (NS_ERROR_NOT_AVAILABLE) [nsICertOverrideService.setDisableAllSecurityChecksAndLetAttackersInterceptMyData]

###!!! [Parent][RunMessage] Error: Channel closing: too late to send/recv, messages will be lost

1642566305737	geckodriver	INFO	Listening on 127.0.0.1:60096
1642566308804	mozrunner::runner	INFO	Running command: "C:\\Program Files\\Mozilla Firefox\\firefox.exe" "--marionette" "--remote-debugging-port" "60097" "-no-remote" "-profile" "C:\\Users\\20125\\AppData\\Local\\Temp\\rust_mozprofilesSROJq"
1642566309061	Marionette	INFO	Marionette enabled
console.warn: SearchSettings: "get: No settings file exists, new profile?" (new NotFoundError("Could not open the file at C:\\Users\\20125\\AppData\\Local\\Temp\\rust_mozprofilesSROJq\\search.json.mozlz4", (void 0)))
DevTools listening on ws://localhost:60097/devtools/browser/82c9c200-71d9-4014-9d95-e8e2710379da
1642566310455	Marionette	INFO	Listening on port 60102
1642566310837	RemoteAgent	WARN	TLS certificate errors will be ignored for this session
JavaScript error: https://wenshu.court.gov.cn/website/wenshu/js/accounting.min.js, line 1: SyntaxError: expected expression, got '<'
JavaScript error: https://wenshu.court.gov.cn/website/wenshu/js/wenshulist1.js, line 1: SyntaxError: expected expression, got '<'
JavaScript error: https://wenshu.court.gov.cn/website/wenshu/js/placeholder.js, line 1: SyntaxError: expected expression, got '<'
JavaScript error: https://wenshu.court.gov.cn/website/wenshu/js/common.js, line 1: SyntaxError: expected expression, got '<'
JavaScript error: https://wenshu.court.gov.cn/website/wenshu/181029CR4M5A62CH/index.js, line 1: SyntaxError: expected expression, got '<'
JavaScript warning: https://wenshu.court.gov.cn/ line 26 > eval, line 1: WEBGL_debug_renderer_info is deprecated in Firefox and will be removed. Please use RENDERER.
JavaScript error: https://wenshu.court.gov.cn/website/wenshu/js/accounting.min.js, line 1: SyntaxError: expected expression, got '<'
JavaScript error: https://wenshu.court.gov.cn/website/wenshu/js/wenshulist1.js, line 1: SyntaxError: expected expression, got '<'
JavaScript error: https://wenshu.court.gov.cn/website/wenshu/js/placeholder.js, line 1: SyntaxError: expected expression, got '<'
JavaScript error: https://wenshu.court.gov.cn/website/wenshu/js/common.js, line 1: SyntaxError: expected expression, got '<'
JavaScript error: https://wenshu.court.gov.cn/website/wenshu/181029CR4M5A62CH/index.js, line 1: SyntaxError: expected expression, got '<'
1642566318712	Marionette	INFO	Stopped listening on port 60102
console.warn: TopSitesFeed: Failed to fetch data from Contile server: NetworkError when attempting to fetch resource.
JavaScript error: chrome://remote/content/marionette/cert.js, line 55: NS_ERROR_NOT_AVAILABLE: Component returned failure code: 0x80040111 (NS_ERROR_NOT_AVAILABLE) [nsICertOverrideService.setDisableAllSecurityChecksAndLetAttackersInterceptMyData]

###!!! [Parent][RunMessage] Error: Channel closing: too late to send/recv, messages will be lost

1642566330678	geckodriver	INFO	Listening on 127.0.0.1:60155
1642566333728	mozrunner::runner	INFO	Running command: "C:\\Program Files\\Mozilla Firefox\\firefox.exe" "--marionette" "--remote-debugging-port" "60156" "-no-remote" "-profile" "C:\\Users\\20125\\AppData\\Local\\Temp\\rust_mozprofile71t0GH"
1642566333972	Marionette	INFO	Marionette enabled
console.warn: SearchSettings: "get: No settings file exists, new profile?" (new NotFoundError("Could not open the file at C:\\Users\\20125\\AppData\\Local\\Temp\\rust_mozprofile71t0GH\\search.json.mozlz4", (void 0)))
DevTools listening on ws://localhost:60156/devtools/browser/a555d3f7-cd40-4dd9-b6f2-7c505f0e8fb8
1642566335340	Marionette	INFO	Listening on port 60161
1642566335750	RemoteAgent	WARN	TLS certificate errors will be ignored for this session
JavaScript error: https://wenshu.court.gov.cn/website/wenshu/js/version.js, line 1: SyntaxError: expected expression, got '<'
JavaScript error: https://wenshu.court.gov.cn/website/wenshu/js/accounting.min.js, line 1: SyntaxError: expected expression, got '<'
JavaScript error: https://wenshu.court.gov.cn/website/wenshu/js/wenshulist1.js, line 1: SyntaxError: expected expression, got '<'
JavaScript error: https://wenshu.court.gov.cn/website/wenshu/js/placeholder.js, line 1: SyntaxError: expected expression, got '<'
JavaScript error: https://wenshu.court.gov.cn/website/wenshu/js/common.js, line 1: SyntaxError: expected expression, got '<'
JavaScript error: https://wenshu.court.gov.cn/website/wenshu/181029CR4M5A62CH/index.js, line 1: SyntaxError: expected expression, got '<'
JavaScript warning: https://wenshu.court.gov.cn/ line 26 > eval, line 1: WEBGL_debug_renderer_info is deprecated in Firefox and will be removed. Please use RENDERER.
JavaScript error: https://wenshu.court.gov.cn/website/common/jquery-1.12.4.min.js, line 1: SyntaxError: expected expression, got '<'
JavaScript error: https://wenshu.court.gov.cn/, line 49: TypeError: $ is undefined
JavaScript error: https://wenshu.court.gov.cn/website/wenshu/js/divscroll.js, line 153: ReferenceError: jQuery is not defined
JavaScript error: https://wenshu.court.gov.cn/website/wenshu/js/dist/jstree.min.js, line 1: SyntaxError: expected expression, got '<'
JavaScript error: https://wenshu.court.gov.cn/website/wenshu/js/wenshulist1.js, line 1: SyntaxError: expected expression, got '<'
JavaScript error: https://wenshu.court.gov.cn/website/wenshu/js/placeholder.js, line 1: SyntaxError: expected expression, got '<'
JavaScript error: https://wenshu.court.gov.cn/website/wenshu/js/common.js, line 1: SyntaxError: expected expression, got '<'
JavaScript error: https://wenshu.court.gov.cn/, line 122: ReferenceError: $ is not defined
JavaScript error: https://wenshu.court.gov.cn/website/wenshu/181029CR4M5A62CH/index.js, line 1: SyntaxError: expected expression, got '<'
JavaScript error: https://wenshu.court.gov.cn/, line 157: ReferenceError: $ is not defined
1642566382225	geckodriver	INFO	Listening on 127.0.0.1:60219
1642566385282	mozrunner::runner	INFO	Running command: "C:\\Program Files\\Mozilla Firefox\\firefox.exe" "--marionette" "--remote-debugging-port" "60220" "-no-remote" "-profile" "C:\\Users\\20125\\AppData\\Local\\Temp\\rust_mozprofilePUwut9"
1642566385579	Marionette	INFO	Marionette enabled
console.warn: SearchSettings: "get: No settings file exists, new profile?" (new NotFoundError("Could not open the file at C:\\Users\\20125\\AppData\\Local\\Temp\\rust_mozprofilePUwut9\\search.json.mozlz4", (void 0)))
DevTools listening on ws://localhost:60220/devtools/browser/16da6afd-33b1-406d-903a-9f71f2f796bd
1642566387128	Marionette	INFO	Listening on port 60225
1642566387316	RemoteAgent	WARN	TLS certificate errors will be ignored for this session
JavaScript error: https://wenshu.court.gov.cn/website/wenshu/js/dist/jstree.min.js, line 1: SyntaxError: expected expression, got '<'
JavaScript error: https://wenshu.court.gov.cn/website/wenshu/js/accounting.min.js, line 1: SyntaxError: expected expression, got '<'
JavaScript error: https://wenshu.court.gov.cn/website/wenshu/js/wenshulist1.js, line 1: SyntaxError: expected expression, got '<'
JavaScript error: https://wenshu.court.gov.cn/website/wenshu/js/placeholder.js, line 1: SyntaxError: expected expression, got '<'
JavaScript error: https://wenshu.court.gov.cn/website/wenshu/js/common.js, line 1: SyntaxError: expected expression, got '<'
JavaScript error: https://wenshu.court.gov.cn/website/wenshu/181029CR4M5A62CH/index.js, line 1: SyntaxError: expected expression, got '<'
JavaScript warning: https://wenshu.court.gov.cn/ line 26 > eval, line 1: WEBGL_debug_renderer_info is deprecated in Firefox and will be removed. Please use RENDERER.
JavaScript error: https://wenshu.court.gov.cn/website/common/jquery-1.12.4.min.js, line 1: SyntaxError: expected expression, got '<'
JavaScript error: https://wenshu.court.gov.cn/, line 49: TypeError: $ is undefined
JavaScript error: https://wenshu.court.gov.cn/website/wenshu/js/divscroll.js, line 153: ReferenceError: jQuery is not defined
JavaScript error: https://wenshu.court.gov.cn/website/wenshu/js/dist/jstree.min.js, line 2: ReferenceError: jQuery is not defined
JavaScript error: https://wenshu.court.gov.cn/website/wenshu/js/wenshulist1.js, line 9739: ReferenceError: $ is not defined
JavaScript error: https://wenshu.court.gov.cn/website/wenshu/js/placeholder.js, line 1: SyntaxError: expected expression, got '<'
JavaScript error: https://wenshu.court.gov.cn/website/wenshu/js/common.js, line 1: SyntaxError: expected expression, got '<'
JavaScript error: https://wenshu.court.gov.cn/, line 122: ReferenceError: $ is not defined
JavaScript error: https://wenshu.court.gov.cn/website/wenshu/181029CR4M5A62CH/index.js, line 1: SyntaxError: expected expression, got '<'
JavaScript error: https://wenshu.court.gov.cn/, line 157: ReferenceError: $ is not defined
JavaScript error: https://wenshu.court.gov.cn/website/wenshu/js/version.js, line 1: SyntaxError: expected expression, got '<'
JavaScript error: https://wenshu.court.gov.cn/website/wenshu/js/accounting.min.js, line 1: SyntaxError: expected expression, got '<'
JavaScript error: https://wenshu.court.gov.cn/website/wenshu/js/wenshulist1.js, line 1: SyntaxError: expected expression, got '<'
JavaScript error: https://wenshu.court.gov.cn/website/wenshu/js/placeholder.js, line 1: SyntaxError: expected expression, got '<'
JavaScript error: https://wenshu.court.gov.cn/website/wenshu/js/common.js, line 1: SyntaxError: expected expression, got '<'
JavaScript error: https://wenshu.court.gov.cn/website/wenshu/181029CR4M5A62CH/index.js, line 1: SyntaxError: expected expression, got '<'
1642566475213	geckodriver	INFO	Listening on 127.0.0.1:60292
1642566478265	mozrunner::runner	INFO	Running command: "C:\\Program Files\\Mozilla Firefox\\firefox.exe" "--marionette" "--remote-debugging-port" "60293" "-no-remote" "-profile" "C:\\Users\\20125\\AppData\\Local\\Temp\\rust_mozprofilegSqEZL"
1642566478528	Marionette	INFO	Marionette enabled
console.warn: SearchSettings: "get: No settings file exists, new profile?" (new NotFoundError("Could not open the file at C:\\Users\\20125\\AppData\\Local\\Temp\\rust_mozprofilegSqEZL\\search.json.mozlz4", (void 0)))
DevTools listening on ws://localhost:60293/devtools/browser/49c091b0-41da-40a5-b4d9-5b417986ce3d
1642566480339	Marionette	INFO	Listening on port 60298
1642566480408	RemoteAgent	WARN	TLS certificate errors will be ignored for this session
JavaScript error: https://wenshu.court.gov.cn/website/wenshu/js/dist/jstree.min.js, line 1: SyntaxError: expected expression, got '<'
JavaScript error: https://wenshu.court.gov.cn/website/wenshu/js/accounting.min.js, line 1: SyntaxError: expected expression, got '<'
JavaScript error: https://wenshu.court.gov.cn/website/wenshu/js/wenshulist1.js, line 1: SyntaxError: expected expression, got '<'
JavaScript error: https://wenshu.court.gov.cn/website/wenshu/js/placeholder.js, line 1: SyntaxError: expected expression, got '<'
JavaScript error: https://wenshu.court.gov.cn/website/wenshu/js/common.js, line 1: SyntaxError: expected expression, got '<'
JavaScript error: https://wenshu.court.gov.cn/website/wenshu/181029CR4M5A62CH/index.js, line 1: SyntaxError: expected expression, got '<'
JavaScript warning: https://wenshu.court.gov.cn/ line 26 > eval, line 1: WEBGL_debug_renderer_info is deprecated in Firefox and will be removed. Please use RENDERER.
JavaScript error: https://wenshu.court.gov.cn/website/wenshu/js/dist/jstree.min.js, line 1: SyntaxError: expected expression, got '<'
JavaScript error: https://wenshu.court.gov.cn/website/wenshu/js/accounting.min.js, line 1: SyntaxError: expected expression, got '<'
JavaScript error: https://wenshu.court.gov.cn/website/wenshu/js/wenshulist1.js, line 1: SyntaxError: expected expression, got '<'
JavaScript error: https://wenshu.court.gov.cn/website/wenshu/js/placeholder.js, line 1: SyntaxError: expected expression, got '<'
JavaScript error: https://wenshu.court.gov.cn/website/wenshu/js/common.js, line 1: SyntaxError: expected expression, got '<'
JavaScript error: https://wenshu.court.gov.cn/website/wenshu/181029CR4M5A62CH/index.js, line 1: SyntaxError: expected expression, got '<'
console.warn: LoginRecipes: "getRecipes: falling back to a synchronous message for:" "https://account.court.gov.cn"
JavaScript error: https://wenshu.court.gov.cn/website/wenshu/js/dist/jstree.min.js, line 1: SyntaxError: expected expression, got '<'
JavaScript error: https://wenshu.court.gov.cn/website/wenshu/js/wenshulist1.js, line 1: SyntaxError: expected expression, got '<'
JavaScript error: https://wenshu.court.gov.cn/website/wenshu/js/placeholder.js, line 1: SyntaxError: expected expression, got '<'
JavaScript error: https://wenshu.court.gov.cn/website/wenshu/js/common.js, line 1: SyntaxError: expected expression, got '<'
JavaScript error: https://wenshu.court.gov.cn/website/wenshu/181029CR4M5A62CH/index.js, line 1: SyntaxError: expected expression, got '<'
1642566641588	Marionette	INFO	Stopped listening on port 60298
console.warn: TopSitesFeed: Failed to fetch data from Contile server: NetworkError when attempting to fetch resource.

###!!! [Parent][RunMessage] Error: Channel closing: too late to send/recv, messages will be lost

1642681094145	geckodriver	INFO	Listening on 127.0.0.1:52074
1642681097179	mozrunner::runner	INFO	Running command: "C:\\Program Files\\Mozilla Firefox\\firefox.exe" "--marionette" "-no-remote" "-profile" "C:\\Users\\kevin\\AppData\\Local\\Temp\\rust_mozprofile2EviOV"
1642681098144	Marionette	INFO	Marionette enabled
console.warn: SearchSettings: "get: No settings file exists, new profile?" (new NotFoundError("Could not open the file at C:\\Users\\kevin\\AppData\\Local\\Temp\\rust_mozprofile2EviOV\\search.json.mozlz4", (void 0)))
1642681101175	Marionette	INFO	Listening on port 52087
1642681101400	RemoteAgent	WARN	TLS certificate errors will be ignored for this session
1642681109076	Marionette	INFO	Stopped listening on port 52087
console.error: services.settings: 
  main/query-stripping Signature failed  TypeError: NetworkError: Network request failed
console.warn: TopSitesFeed: Failed to fetch data from Contile server: NetworkError when attempting to fetch resource.
JavaScript error: chrome://remote/content/marionette/cert.js, line 55: NS_ERROR_NOT_AVAILABLE: Component returned failure code: 0x80040111 (NS_ERROR_NOT_AVAILABLE) [nsICertOverrideService.setDisableAllSecurityChecksAndLetAttackersInterceptMyData]

###!!! [Parent][RunMessage] Error: Channel closing: too late to send/recv, messages will be lost

1642681116678	geckodriver	INFO	Listening on 127.0.0.1:52149
1642681119717	mozrunner::runner	INFO	Running command: "C:\\Program Files\\Mozilla Firefox\\firefox.exe" "--marionette" "-no-remote" "-profile" "C:\\Users\\kevin\\AppData\\Local\\Temp\\rust_mozprofileufOJHj"
1642681120398	Marionette	INFO	Marionette enabled
console.warn: SearchSettings: "get: No settings file exists, new profile?" (new NotFoundError("Could not open the file at C:\\Users\\kevin\\AppData\\Local\\Temp\\rust_mozprofileufOJHj\\search.json.mozlz4", (void 0)))
1642681123111	Marionette	INFO	Listening on port 52160
1642681123407	RemoteAgent	WARN	TLS certificate errors will be ignored for this session
1642681130545	Marionette	INFO	Stopped listening on port 52160
console.error: services.settings: 
  main/query-stripping Signature failed  TypeError: NetworkError: Network request failed
console.warn: TopSitesFeed: Failed to fetch data from Contile server: NetworkError when attempting to fetch resource.
JavaScript error: chrome://remote/content/marionette/cert.js, line 55: NS_ERROR_NOT_AVAILABLE: Component returned failure code: 0x80040111 (NS_ERROR_NOT_AVAILABLE) [nsICertOverrideService.setDisableAllSecurityChecksAndLetAttackersInterceptMyData]

###!!! [Parent][RunMessage] Error: Channel closing: too late to send/recv, messages will be lost

1642681855485	geckodriver	INFO	Listening on 127.0.0.1:52855
1642681858513	mozrunner::runner	INFO	Running command: "C:\\Program Files\\Mozilla Firefox\\firefox.exe" "--marionette" "-no-remote" "-profile" "C:\\Users\\kevin\\AppData\\Local\\Temp\\rust_mozprofile5fUTtM"
1642681859215	Marionette	INFO	Marionette enabled
console.warn: SearchSettings: "get: No settings file exists, new profile?" (new NotFoundError("Could not open the file at C:\\Users\\kevin\\AppData\\Local\\Temp\\rust_mozprofile5fUTtM\\search.json.mozlz4", (void 0)))
1642681862001	Marionette	INFO	Listening on port 52865
1642681862213	RemoteAgent	WARN	TLS certificate errors will be ignored for this session
1642681863808	Marionette	INFO	Stopped listening on port 52865
console.warn: TopSitesFeed: Failed to fetch data from Contile server: NetworkError when attempting to fetch resource.
JavaScript error: chrome://remote/content/marionette/cert.js, line 55: NS_ERROR_NOT_AVAILABLE: Component returned failure code: 0x80040111 (NS_ERROR_NOT_AVAILABLE) [nsICertOverrideService.setDisableAllSecurityChecksAndLetAttackersInterceptMyData]

###!!! [Parent][RunMessage] Error: Channel closing: too late to send/recv, messages will be lost

1642681917259	geckodriver	INFO	Listening on 127.0.0.1:52942
1642681920308	mozrunner::runner	INFO	Running command: "C:\\Program Files\\Mozilla Firefox\\firefox.exe" "--marionette" "-no-remote" "-profile" "C:\\Users\\kevin\\AppData\\Local\\Temp\\rust_mozprofileO5eVWb"
1642681921009	Marionette	INFO	Marionette enabled
console.warn: SearchSettings: "get: No settings file exists, new profile?" (new NotFoundError("Could not open the file at C:\\Users\\kevin\\AppData\\Local\\Temp\\rust_mozprofileO5eVWb\\search.json.mozlz4", (void 0)))
1642681923682	Marionette	INFO	Listening on port 52952
1642681924008	RemoteAgent	WARN	TLS certificate errors will be ignored for this session
1642681931862	Marionette	INFO	Stopped listening on port 52952
console.warn: TopSitesFeed: Failed to fetch data from Contile server: NetworkError when attempting to fetch resource.
JavaScript error: chrome://remote/content/marionette/cert.js, line 55: NS_ERROR_NOT_AVAILABLE: Component returned failure code: 0x80040111 (NS_ERROR_NOT_AVAILABLE) [nsICertOverrideService.setDisableAllSecurityChecksAndLetAttackersInterceptMyData]

###!!! [Parent][RunMessage] Error: Channel closing: too late to send/recv, messages will be lost

1642682105878	geckodriver	INFO	Listening on 127.0.0.1:53220
1642682108906	mozrunner::runner	INFO	Running command: "C:\\Program Files\\Mozilla Firefox\\firefox.exe" "--marionette" "-no-remote" "-profile" "C:\\Users\\kevin\\AppData\\Local\\Temp\\rust_mozprofileyD8hXT"
1642682109646	Marionette	INFO	Marionette enabled
console.warn: SearchSettings: "get: No settings file exists, new profile?" (new NotFoundError("Could not open the file at C:\\Users\\kevin\\AppData\\Local\\Temp\\rust_mozprofileyD8hXT\\search.json.mozlz4", (void 0)))
1642682112362	Marionette	INFO	Listening on port 53230
1642682112517	Marionette	INFO	Stopped listening on port 53230
console.warn: TopSitesFeed: Failed to fetch data from Contile server: NetworkError when attempting to fetch resource.
console.error: Region.jsm: "Error fetching region" (new TypeError("NetworkError when attempting to fetch resource.", ""))
console.error: Region.jsm: "Failed to fetch region" (new Error("NO_RESULT", "resource://gre/modules/Region.jsm", 419))

###!!! [Parent][RunMessage] Error: Channel closing: too late to send/recv, messages will be lost

1642682528167	geckodriver	INFO	Listening on 127.0.0.1:53770
1642682531203	mozrunner::runner	INFO	Running command: "C:\\Program Files\\Mozilla Firefox\\firefox.exe" "--marionette" "-no-remote" "-profile" "C:\\Users\\kevin\\AppData\\Local\\Temp\\rust_mozprofileHyi9ak"
1642682531982	Marionette	INFO	Marionette enabled
console.warn: SearchSettings: "get: No settings file exists, new profile?" (new NotFoundError("Could not open the file at C:\\Users\\kevin\\AppData\\Local\\Temp\\rust_mozprofileHyi9ak\\search.json.mozlz4", (void 0)))
1642682534676	Marionette	INFO	Listening on port 53780
1642682534894	RemoteAgent	WARN	TLS certificate errors will be ignored for this session
1642682538031	Marionette	INFO	Stopped listening on port 53780
console.warn: TopSitesFeed: Failed to fetch data from Contile server: NetworkError when attempting to fetch resource.
JavaScript error: chrome://remote/content/marionette/cert.js, line 55: NS_ERROR_NOT_AVAILABLE: Component returned failure code: 0x80040111 (NS_ERROR_NOT_AVAILABLE) [nsICertOverrideService.setDisableAllSecurityChecksAndLetAttackersInterceptMyData]

###!!! [Parent][RunMessage] Error: Channel closing: too late to send/recv, messages will be lost

1642682635456	geckodriver	INFO	Listening on 127.0.0.1:53960
1642682638499	mozrunner::runner	INFO	Running command: "C:\\Program Files\\Mozilla Firefox\\firefox.exe" "--marionette" "-no-remote" "-profile" "C:\\Users\\kevin\\AppData\\Local\\Temp\\rust_mozprofilefKQbbi"
1642682639236	Marionette	INFO	Marionette enabled
console.warn: SearchSettings: "get: No settings file exists, new profile?" (new NotFoundError("Could not open the file at C:\\Users\\kevin\\AppData\\Local\\Temp\\rust_mozprofilefKQbbi\\search.json.mozlz4", (void 0)))
1642682642074	Marionette	INFO	Listening on port 53971
1642682642198	RemoteAgent	WARN	TLS certificate errors will be ignored for this session
1642682642763	Marionette	INFO	Stopped listening on port 53971
console.error: services.settings: 
  main/query-stripping Signature failed  TypeError: NetworkError: Network request failed
console.warn: TopSitesFeed: Failed to fetch data from Contile server: NetworkError when attempting to fetch resource.
console.error: Region.jsm: "Error fetching region" (new TypeError("NetworkError when attempting to fetch resource.", ""))
console.error: Region.jsm: "Failed to fetch region" (new Error("NO_RESULT", "resource://gre/modules/Region.jsm", 419))
JavaScript error: chrome://remote/content/marionette/cert.js, line 55: NS_ERROR_NOT_AVAILABLE: Component returned failure code: 0x80040111 (NS_ERROR_NOT_AVAILABLE) [nsICertOverrideService.setDisableAllSecurityChecksAndLetAttackersInterceptMyData]
1642682722816	geckodriver	INFO	Listening on 127.0.0.1:54095
1642682725838	mozrunner::runner	INFO	Running command: "C:\\Program Files\\Mozilla Firefox\\firefox.exe" "--marionette" "-no-remote" "-profile" "C:\\Users\\kevin\\AppData\\Local\\Temp\\rust_mozprofile6u7YQG"
1642682726552	Marionette	INFO	Marionette enabled
console.warn: SearchSettings: "get: No settings file exists, new profile?" (new NotFoundError("Could not open the file at C:\\Users\\kevin\\AppData\\Local\\Temp\\rust_mozprofile6u7YQG\\search.json.mozlz4", (void 0)))
1642682729177	Marionette	INFO	Listening on port 54105
1642682729530	RemoteAgent	WARN	TLS certificate errors will be ignored for this session
1642682731412	Marionette	INFO	Stopped listening on port 54105
JavaScript error: chrome://remote/content/marionette/cert.js, line 55: NS_ERROR_NOT_AVAILABLE: Component returned failure code: 0x80040111 (NS_ERROR_NOT_AVAILABLE) [nsICertOverrideService.setDisableAllSecurityChecksAndLetAttackersInterceptMyData]

###!!! [Parent][RunMessage] Error: Channel closing: too late to send/recv, messages will be lost

1642683257976	geckodriver	INFO	Listening on 127.0.0.1:54551
1642683261000	mozrunner::runner	INFO	Running command: "C:\\Program Files\\Mozilla Firefox\\firefox.exe" "--marionette" "-no-remote" "-profile" "C:\\Users\\kevin\\AppData\\Local\\Temp\\rust_mozprofileijgWCI"
1642683261713	Marionette	INFO	Marionette enabled
console.warn: SearchSettings: "get: No settings file exists, new profile?" (new NotFoundError("Could not open the file at C:\\Users\\kevin\\AppData\\Local\\Temp\\rust_mozprofileijgWCI\\search.json.mozlz4", (void 0)))
1642683264353	Marionette	INFO	Listening on port 54562
1642683264700	RemoteAgent	WARN	TLS certificate errors will be ignored for this session
JavaScript warning: https://wenshu.court.gov.cn/ line 26 > eval, line 1: WEBGL_debug_renderer_info is deprecated in Firefox and will be removed. Please use RENDERER.
JavaScript error: https://wenshu.court.gov.cn/website/wenshu/js/common.js, line 1: SyntaxError: expected expression, got '<'
JavaScript error: https://wenshu.court.gov.cn/website/wenshu/181029CR4M5A62CH/index.js, line 1: SyntaxError: expected expression, got '<'
console.warn: LoginRecipes: "getRecipes: falling back to a synchronous message for:" "https://account.court.gov.cn"
JavaScript error: https://wenshu.court.gov.cn/website/common/plugins/layui/lay/modules/laydate.js, line 1: SyntaxError: expected expression, got '<'
1642683332669	Marionette	INFO	Stopped listening on port 54562
console.error: services.settings: 
  main/query-stripping Signature failed  TypeError: NetworkError: Network request failed
console.error: services.settings: 
  main/partitioning-exempt-urls Signature failed  TypeError: NetworkError: Network request failed
console.warn: TopSitesFeed: Failed to fetch data from Contile server: NetworkError when attempting to fetch resource.
JavaScript error: chrome://remote/content/marionette/cert.js, line 55: NS_ERROR_NOT_AVAILABLE: Component returned failure code: 0x80040111 (NS_ERROR_NOT_AVAILABLE) [nsICertOverrideService.setDisableAllSecurityChecksAndLetAttackersInterceptMyData]
1642683646007	geckodriver	INFO	Listening on 127.0.0.1:55343
1642683649045	mozrunner::runner	INFO	Running command: "C:\\Program Files\\Mozilla Firefox\\firefox.exe" "--marionette" "-no-remote" "-profile" "C:\\Users\\kevin\\AppData\\Local\\Temp\\rust_mozprofile22nRaZ"
1642683649800	Marionette	INFO	Marionette enabled
console.warn: SearchSettings: "get: No settings file exists, new profile?" (new NotFoundError("Could not open the file at C:\\Users\\kevin\\AppData\\Local\\Temp\\rust_mozprofile22nRaZ\\search.json.mozlz4", (void 0)))
1642683652797	Marionette	INFO	Listening on port 55352
1642683653260	RemoteAgent	WARN	TLS certificate errors will be ignored for this session
JavaScript warning: https://wenshu.court.gov.cn/ line 26 > eval, line 1: WEBGL_debug_renderer_info is deprecated in Firefox and will be removed. Please use RENDERER.
JavaScript error: https://wenshu.court.gov.cn/website/wenshu/181029CR4M5A62CH/index.js, line 1: SyntaxError: expected expression, got '<'
1642683705820	Marionette	INFO	Stopped listening on port 55352
console.error: services.settings: 
  main/query-stripping Signature failed  TypeError: NetworkError: Network request failed
console.error: services.settings: 
  main/partitioning-exempt-urls Signature failed  TypeError: NetworkError: Network request failed
console.warn: TopSitesFeed: Failed to fetch data from Contile server: NetworkError when attempting to fetch resource.
JavaScript error: chrome://remote/content/marionette/cert.js, line 55: NS_ERROR_NOT_AVAILABLE: Component returned failure code: 0x80040111 (NS_ERROR_NOT_AVAILABLE) [nsICertOverrideService.setDisableAllSecurityChecksAndLetAttackersInterceptMyData]

###!!! [Parent][RunMessage] Error: Channel closing: too late to send/recv, messages will be lost

1642683727186	geckodriver	INFO	Listening on 127.0.0.1:55517
1642683730213	mozrunner::runner	INFO	Running command: "C:\\Program Files\\Mozilla Firefox\\firefox.exe" "--marionette" "-no-remote" "-profile" "C:\\Users\\kevin\\AppData\\Local\\Temp\\rust_mozprofileQLMnqE"
1642683730983	Marionette	INFO	Marionette enabled
console.warn: SearchSettings: "get: No settings file exists, new profile?" (new NotFoundError("Could not open the file at C:\\Users\\kevin\\AppData\\Local\\Temp\\rust_mozprofileQLMnqE\\search.json.mozlz4", (void 0)))
1642683733882	Marionette	INFO	Listening on port 55527
1642683733912	RemoteAgent	WARN	TLS certificate errors will be ignored for this session
JavaScript warning: https://wenshu.court.gov.cn/ line 26 > eval, line 1: WEBGL_debug_renderer_info is deprecated in Firefox and will be removed. Please use RENDERER.
console.warn: LoginRecipes: "getRecipes: falling back to a synchronous message for:" "https://account.court.gov.cn"
JavaScript error: https://wenshu.court.gov.cn/website/wenshu/js/placeholder.js, line 1: SyntaxError: expected expression, got '<'
JavaScript error: https://wenshu.court.gov.cn/website/wenshu/js/accounting.min.js, line 1: SyntaxError: expected expression, got '<'
JavaScript error: https://wenshu.court.gov.cn/website/wenshu/js/wenshulist1.js, line 1: SyntaxError: expected expression, got '<'
JavaScript error: https://wenshu.court.gov.cn/website/wenshu/js/placeholder.js, line 1: SyntaxError: expected expression, got '<'
JavaScript error: https://wenshu.court.gov.cn/website/wenshu/js/common.js, line 1: SyntaxError: expected expression, got '<'
JavaScript error: https://wenshu.court.gov.cn/website/wenshu/181029CR4M5A62CH/index.js, line 1: SyntaxError: expected expression, got '<'
JavaScript error: https://wenshu.court.gov.cn/website/wenshu/js/placeholder.js, line 1: SyntaxError: expected expression, got '<'
JavaScript error: https://wenshu.court.gov.cn/website/wenshu/js/common.js, line 1: SyntaxError: expected expression, got '<'
JavaScript error: https://wenshu.court.gov.cn/website/wenshu/181029CR4M5A62CH/index.js, line 1: SyntaxError: expected expression, got '<'
JavaScript error: https://wenshu.court.gov.cn/website/wenshu/js/wenshulist1.js, line 1: SyntaxError: expected expression, got '<'
JavaScript error: https://wenshu.court.gov.cn/website/wenshu/js/common.js, line 1: SyntaxError: expected expression, got '<'
JavaScript error: https://wenshu.court.gov.cn/website/wenshu/181029CR4M5A62CH/index.js, line 1: SyntaxError: expected expression, got '<'
JavaScript warning: https://wenshu.court.gov.cn/ line 26 > eval, line 1: WEBGL_debug_renderer_info is deprecated in Firefox and will be removed. Please use RENDERER.
JavaScript error: https://wenshu.court.gov.cn/gGK4jBsBBszn/c3aqs9gktfr4.dfe1675.js, line 1: SyntaxError: expected expression, got '<'
JavaScript error: https://wenshu.court.gov.cn/, line 1: SyntaxError: expected expression, got '<'
JavaScript error: https://wenshu.court.gov.cn/website/wenshu/js/accounting.min.js, line 1: SyntaxError: expected expression, got '<'
JavaScript error: https://wenshu.court.gov.cn/website/wenshu/js/wenshulist1.js, line 1: SyntaxError: expected expression, got '<'
JavaScript error: https://wenshu.court.gov.cn/website/wenshu/js/placeholder.js, line 1: SyntaxError: expected expression, got '<'
JavaScript error: https://wenshu.court.gov.cn/website/wenshu/js/common.js, line 1: SyntaxError: expected expression, got '<'
JavaScript error: https://wenshu.court.gov.cn/website/wenshu/181029CR4M5A62CH/index.js, line 1: SyntaxError: expected expression, got '<'
JavaScript error: https://wenshu.court.gov.cn/website/common/plugins/layui/lay/modules/util.js, line 1: SyntaxError: expected expression, got '<'
JavaScript error: https://wenshu.court.gov.cn/website/common/plugins/layui/lay/modules/upload.js, line 1: SyntaxError: expected expression, got '<'
1642566726222	geckodriver	INFO	Listening on 127.0.0.1:60463
1642566729291	mozrunner::runner	INFO	Running command: "C:\\Program Files\\Mozilla Firefox\\firefox.exe" "--marionette" "--remote-debugging-port" "60464" "-no-remote" "-profile" "C:\\Users\\20125\\AppData\\Local\\Temp\\rust_mozprofileUFCH2L"
1642566729687	Marionette	INFO	Marionette enabled
console.warn: SearchSettings: "get: No settings file exists, new profile?" (new NotFoundError("Could not open the file at C:\\Users\\20125\\AppData\\Local\\Temp\\rust_mozprofileUFCH2L\\search.json.mozlz4", (void 0)))
DevTools listening on ws://localhost:60464/devtools/browser/78153d1e-36ee-4f63-b691-22b78e314e1f
1642566731182	Marionette	INFO	Listening on port 60469
1642566731339	RemoteAgent	WARN	TLS certificate errors will be ignored for this session
JavaScript error: https://wenshu.court.gov.cn/website/wenshu/js/dist/jstree.min.js, line 1: SyntaxError: expected expression, got '<'
JavaScript error: https://wenshu.court.gov.cn/website/wenshu/js/accounting.min.js, line 1: SyntaxError: expected expression, got '<'
JavaScript error: https://wenshu.court.gov.cn/website/wenshu/js/wenshulist1.js, line 1: SyntaxError: expected expression, got '<'
JavaScript error: https://wenshu.court.gov.cn/website/wenshu/js/placeholder.js, line 1: SyntaxError: expected expression, got '<'
JavaScript error: https://wenshu.court.gov.cn/website/wenshu/js/common.js, line 1: SyntaxError: expected expression, got '<'
JavaScript error: https://wenshu.court.gov.cn/website/wenshu/js/wenshulist1.js, line 1: SyntaxError: expected expression, got '<'
JavaScript error: https://wenshu.court.gov.cn/website/wenshu/js/placeholder.js, line 1: SyntaxError: expected expression, got '<'
JavaScript error: https://wenshu.court.gov.cn/website/wenshu/181029CR4M5A62CH/index.js, line 1: SyntaxError: expected expression, got '<'
1642683870205	Marionette	INFO	Stopped listening on port 55527
console.error: services.settings: 
  main/query-stripping Signature failed  TypeError: NetworkError: Network request failed
console.error: services.settings: 
  main/partitioning-exempt-urls Signature failed  TypeError: NetworkError: Network request failed
console.warn: TopSitesFeed: Failed to fetch data from Contile server: NetworkError when attempting to fetch resource.
JavaScript error: chrome://remote/content/marionette/cert.js, line 55: NS_ERROR_NOT_AVAILABLE: Component returned failure code: 0x80040111 (NS_ERROR_NOT_AVAILABLE) [nsICertOverrideService.setDisableAllSecurityChecksAndLetAttackersInterceptMyData]

###!!! [Parent][RunMessage] Error: Channel closing: too late to send/recv, messages will be lost

1642683951015	geckodriver	INFO	Listening on 127.0.0.1:55961
1642683954036	mozrunner::runner	INFO	Running command: "C:\\Program Files\\Mozilla Firefox\\firefox.exe" "--marionette" "-no-remote" "-profile" "C:\\Users\\kevin\\AppData\\Local\\Temp\\rust_mozprofilexWsZ1a"
1642683954831	Marionette	INFO	Marionette enabled
console.warn: SearchSettings: "get: No settings file exists, new profile?" (new NotFoundError("Could not open the file at C:\\Users\\kevin\\AppData\\Local\\Temp\\rust_mozprofilexWsZ1a\\search.json.mozlz4", (void 0)))
1642683957700	Marionette	INFO	Listening on port 55970
1642683957751	RemoteAgent	WARN	TLS certificate errors will be ignored for this session
JavaScript error: https://wenshu.court.gov.cn/website/common/plugins/layui/lay/modules/layer.js, line 1: SyntaxError: expected expression, got '<'
JavaScript warning: https://wenshu.court.gov.cn/ line 26 > eval, line 1: WEBGL_debug_renderer_info is deprecated in Firefox and will be removed. Please use RENDERER.
JavaScript error: https://wenshu.court.gov.cn/website/common/plugins/layui/lay/modules/layer.js, line 1: SyntaxError: expected expression, got '<'
console.warn: LoginRecipes: "getRecipes: falling back to a synchronous message for:" "https://account.court.gov.cn"
JavaScript error: https://wenshu.court.gov.cn/website/common/plugins/layui/lay/modules/layer.js, line 1: SyntaxError: expected expression, got '<'
1642684084773	Marionette	INFO	Stopped listening on port 55970
console.warn: TopSitesFeed: Failed to fetch data from Contile server: NetworkError when attempting to fetch resource.
JavaScript error: chrome://remote/content/marionette/cert.js, line 55: NS_ERROR_NOT_AVAILABLE: Component returned failure code: 0x80040111 (NS_ERROR_NOT_AVAILABLE) [nsICertOverrideService.setDisableAllSecurityChecksAndLetAttackersInterceptMyData]

###!!! [Parent][RunMessage] Error: Channel closing: too late to send/recv, messages will be lost

1642685134246	geckodriver	INFO	Listening on 127.0.0.1:56888
1642685137277	mozrunner::runner	INFO	Running command: "C:\\Program Files\\Mozilla Firefox\\firefox.exe" "--marionette" "-no-remote" "-profile" "C:\\Users\\kevin\\AppData\\Local\\Temp\\rust_mozprofiletRquiy"
1642685138095	Marionette	INFO	Marionette enabled
console.warn: SearchSettings: "get: No settings file exists, new profile?" (new NotFoundError("Could not open the file at C:\\Users\\kevin\\AppData\\Local\\Temp\\rust_mozprofiletRquiy\\search.json.mozlz4", (void 0)))
1642685141115	Marionette	INFO	Listening on port 56899
1642685141480	RemoteAgent	WARN	TLS certificate errors will be ignored for this session
JavaScript error: https://wenshu.court.gov.cn/website/wenshu/js/placeholder.js, line 1: SyntaxError: expected expression, got '<'
JavaScript error: https://wenshu.court.gov.cn/website/wenshu/js/common.js, line 1: SyntaxError: expected expression, got '<'
JavaScript error: https://wenshu.court.gov.cn/website/wenshu/181029CR4M5A62CH/index.js, line 1: SyntaxError: expected expression, got '<'
JavaScript warning: https://wenshu.court.gov.cn/ line 26 > eval, line 1: WEBGL_debug_renderer_info is deprecated in Firefox and will be removed. Please use RENDERER.
JavaScript error: https://wenshu.court.gov.cn/website/common/plugins/layui/lay/modules/util.js, line 1: SyntaxError: expected expression, got '<'
JavaScript error: https://wenshu.court.gov.cn/website/common/plugins/layui/lay/modules/laydate.js, line 1: SyntaxError: expected expression, got '<'
console.warn: LoginRecipes: "getRecipes: falling back to a synchronous message for:" "https://account.court.gov.cn"
JavaScript error: https://wenshu.court.gov.cn/website/common/plugins/layui/lay/modules/laydate.js, line 1: SyntaxError: expected expression, got '<'
1642685248763	Marionette	INFO	Stopped listening on port 56899
console.warn: TopSitesFeed: Failed to fetch data from Contile server: NetworkError when attempting to fetch resource.
JavaScript error: chrome://remote/content/marionette/cert.js, line 55: NS_ERROR_NOT_AVAILABLE: Component returned failure code: 0x80040111 (NS_ERROR_NOT_AVAILABLE) [nsICertOverrideService.setDisableAllSecurityChecksAndLetAttackersInterceptMyData]

###!!! [Parent][RunMessage] Error: Channel closing: too late to send/recv, messages will be lost

1642685254954	geckodriver	INFO	Listening on 127.0.0.1:57154
1642685257995	mozrunner::runner	INFO	Running command: "C:\\Program Files\\Mozilla Firefox\\firefox.exe" "--marionette" "-no-remote" "-profile" "C:\\Users\\kevin\\AppData\\Local\\Temp\\rust_mozprofileEnAcsA"
1642685258787	Marionette	INFO	Marionette enabled
console.warn: SearchSettings: "get: No settings file exists, new profile?" (new NotFoundError("Could not open the file at C:\\Users\\kevin\\AppData\\Local\\Temp\\rust_mozprofileEnAcsA\\search.json.mozlz4", (void 0)))
1642685261690	Marionette	INFO	Listening on port 57166
1642685261722	RemoteAgent	WARN	TLS certificate errors will be ignored for this session
JavaScript error: https://wenshu.court.gov.cn/website/common/plugins/layui/lay/modules/layer.js, line 1: SyntaxError: expected expression, got '<'
JavaScript warning: https://wenshu.court.gov.cn/ line 26 > eval, line 1: WEBGL_debug_renderer_info is deprecated in Firefox and will be removed. Please use RENDERER.
console.warn: LoginRecipes: "getRecipes: falling back to a synchronous message for:" "https://account.court.gov.cn"
1642685293250	Marionette	WARN	TimedPromise timed out after 500 ms: stacktrace:
TimedPromise/<@chrome://remote/content/marionette/sync.js:239:19
TimedPromise@chrome://remote/content/marionette/sync.js:224:10
interaction.flushEventLoop@chrome://remote/content/marionette/interaction.js:431:10
webdriverClickElement@chrome://remote/content/marionette/interaction.js:179:31
JavaScript error: https://wenshu.court.gov.cn/website/common/plugins/layui/lay/modules/layer.js, line 1: SyntaxError: expected expression, got '<'
1642685381924	Marionette	INFO	Stopped listening on port 57166

###!!! [Parent][RunMessage] Error: Channel closing: too late to send/recv, messages will be lost

1642685581302	geckodriver	INFO	Listening on 127.0.0.1:57512
1642685584326	mozrunner::runner	INFO	Running command: "C:\\Program Files\\Mozilla Firefox\\firefox.exe" "--marionette" "-no-remote" "-profile" "C:\\Users\\kevin\\AppData\\Local\\Temp\\rust_mozprofilekG1LQE"
1642685585107	Marionette	INFO	Marionette enabled
console.warn: SearchSettings: "get: No settings file exists, new profile?" (new NotFoundError("Could not open the file at C:\\Users\\kevin\\AppData\\Local\\Temp\\rust_mozprofilekG1LQE\\search.json.mozlz4", (void 0)))
1642685588094	Marionette	INFO	Listening on port 57522
1642685588276	Marionette	INFO	Stopped listening on port 57522
console.warn: services.settings: main/query-stripping sync interrupted by shutdown
console.warn: TopSitesFeed: Failed to fetch data from Contile server: NetworkError when attempting to fetch resource.
console.error: Region.jsm: "Error fetching region" (new TypeError("NetworkError when attempting to fetch resource.", ""))
console.error: Region.jsm: "Failed to fetch region" (new Error("NO_RESULT", "resource://gre/modules/Region.jsm", 419))

###!!! [Parent][RunMessage] Error: Channel closing: too late to send/recv, messages will be lost

1642685820559	geckodriver	INFO	Listening on 127.0.0.1:61087
1642685823606	mozrunner::runner	INFO	Running command: "C:\\Program Files\\Mozilla Firefox\\firefox.exe" "--marionette" "-no-remote" "-profile" "C:\\Users\\kevin\\AppData\\Local\\Temp\\rust_mozprofile2GRgo6"
1642685824530	Marionette	INFO	Marionette enabled
console.warn: SearchSettings: "get: No settings file exists, new profile?" (new NotFoundError("Could not open the file at C:\\Users\\kevin\\AppData\\Local\\Temp\\rust_mozprofile2GRgo6\\search.json.mozlz4", (void 0)))
1642685827464	Marionette	INFO	Listening on port 61100
1642685827843	RemoteAgent	WARN	TLS certificate errors will be ignored for this session
JavaScript error: https://wenshu.court.gov.cn/website/wenshu/js/common.js, line 1: SyntaxError: expected expression, got '<'
JavaScript error: https://wenshu.court.gov.cn/website/wenshu/181029CR4M5A62CH/index.js, line 554: ReferenceError: getNickName is not defined
JavaScript error: https://wenshu.court.gov.cn/website/common/plugins/layui/lay/modules/layer.js, line 1: SyntaxError: expected expression, got '<'
JavaScript warning: https://wenshu.court.gov.cn/ line 26 > eval, line 1: WEBGL_debug_renderer_info is deprecated in Firefox and will be removed. Please use RENDERER.
console.warn: LoginRecipes: "getRecipes: falling back to a synchronous message for:" "https://account.court.gov.cn"
JavaScript error: https://wenshu.court.gov.cn/website/common/plugins/layui/lay/modules/laydate.js, line 1: SyntaxError: expected expression, got '<'
1642685942758	Marionette	INFO	Stopped listening on port 61100
[Parent 19752, IPC I/O Parent] WARNING: file /builds/worker/checkouts/gecko/ipc/chromium/src/base/process_util_win.cc:167

###!!! [Parent][RunMessage] Error: Channel closing: too late to send/recv, messages will be lost

1642686106168	geckodriver	INFO	Listening on 127.0.0.1:61502
1642686109217	mozrunner::runner	INFO	Running command: "C:\\Program Files\\Mozilla Firefox\\firefox.exe" "--marionette" "-no-remote" "-profile" "C:\\Users\\kevin\\AppData\\Local\\Temp\\rust_mozprofileq1oOo8"
1642686110004	Marionette	INFO	Marionette enabled
console.warn: SearchSettings: "get: No settings file exists, new profile?" (new NotFoundError("Could not open the file at C:\\Users\\kevin\\AppData\\Local\\Temp\\rust_mozprofileq1oOo8\\search.json.mozlz4", (void 0)))
1642686112655	Marionette	INFO	Listening on port 61513
1642686112908	RemoteAgent	WARN	TLS certificate errors will be ignored for this session
JavaScript error: https://wenshu.court.gov.cn/website/wenshu/js/wenshulist1.js, line 1: SyntaxError: expected expression, got '<'
JavaScript error: https://wenshu.court.gov.cn/website/wenshu/js/placeholder.js, line 1: SyntaxError: expected expression, got '<'
JavaScript error: https://wenshu.court.gov.cn/website/wenshu/js/common.js, line 1: SyntaxError: expected expression, got '<'
JavaScript error: https://wenshu.court.gov.cn/website/wenshu/181029CR4M5A62CH/index.js, line 1: SyntaxError: expected expression, got '<'
JavaScript warning: https://wenshu.court.gov.cn/ line 26 > eval, line 1: WEBGL_debug_renderer_info is deprecated in Firefox and will be removed. Please use RENDERER.
JavaScript error: https://wenshu.court.gov.cn/common/static/scripts/lawyeeui/website.js?v=1565674602246, line 1: SyntaxError: expected expression, got '<'
JavaScript error: https://wenshu.court.gov.cn/website/common/plugins/layui/lay/modules/upload.js, line 1: SyntaxError: expected expression, got '<'
JavaScript error: https://wenshu.court.gov.cn/website/common/plugins/layui/lay/modules/upload.js, line 1: SyntaxError: expected expression, got '<'
JavaScript error: https://wenshu.court.gov.cn/website/common/plugins/layui/lay/modules/util.js, line 1: SyntaxError: expected expression, got '<'
JavaScript error: https://wenshu.court.gov.cn/website/common/plugins/layui/lay/modules/laydate.js, line 1: SyntaxError: expected expression, got '<'
JavaScript error: https://wenshu.court.gov.cn/website/common/plugins/layui/lay/modules/upload.js, line 1: SyntaxError: expected expression, got '<'
JavaScript error: https://wenshu.court.gov.cn/website/common/plugins/layui/lay/modules/laydate.js, line 1: SyntaxError: expected expression, got '<'
console.warn: LoginRecipes: "getRecipes: falling back to a synchronous message for:" "https://account.court.gov.cn"
JavaScript error: https://wenshu.court.gov.cn/website/common/plugins/layui/lay/modules/layer.js, line 1: SyntaxError: expected expression, got '<'
1642686286873	Marionette	INFO	Stopped listening on port 61513

###!!! [Parent][RunMessage] Error: Channel closing: too late to send/recv, messages will be lost

1642686520524	geckodriver	INFO	Listening on 127.0.0.1:62294
1642686523560	mozrunner::runner	INFO	Running command: "C:\\Program Files\\Mozilla Firefox\\firefox.exe" "--marionette" "-no-remote" "-profile" "C:\\Users\\kevin\\AppData\\Local\\Temp\\rust_mozprofileOF2l2C"
1642686524302	Marionette	INFO	Marionette enabled
console.warn: SearchSettings: "get: No settings file exists, new profile?" (new NotFoundError("Could not open the file at C:\\Users\\kevin\\AppData\\Local\\Temp\\rust_mozprofileOF2l2C\\search.json.mozlz4", (void 0)))
1642686527127	Marionette	INFO	Listening on port 62304
1642686527245	RemoteAgent	WARN	TLS certificate errors will be ignored for this session
JavaScript error: https://wenshu.court.gov.cn/website/common/plugins/layui/lay/modules/laydate.js, line 1: SyntaxError: expected expression, got '<'
JavaScript warning: https://wenshu.court.gov.cn/ line 26 > eval, line 1: WEBGL_debug_renderer_info is deprecated in Firefox and will be removed. Please use RENDERER.
console.warn: LoginRecipes: "getRecipes: falling back to a synchronous message for:" "https://account.court.gov.cn"
JavaScript error: https://wenshu.court.gov.cn/website/common/plugins/layui/lay/modules/layer.js, line 1: SyntaxError: expected expression, got '<'
1642686625240	Marionette	INFO	Stopped listening on port 62304
1642686886264	geckodriver	INFO	Listening on 127.0.0.1:63076
1642686889315	mozrunner::runner	INFO	Running command: "C:\\Program Files\\Mozilla Firefox\\firefox.exe" "--marionette" "-no-remote" "-profile" "C:\\Users\\kevin\\AppData\\Local\\Temp\\rust_mozprofileaaQ2MR"
1642686890041	Marionette	INFO	Marionette enabled
console.warn: SearchSettings: "get: No settings file exists, new profile?" (new NotFoundError("Could not open the file at C:\\Users\\kevin\\AppData\\Local\\Temp\\rust_mozprofileaaQ2MR\\search.json.mozlz4", (void 0)))
1642686892755	Marionette	INFO	Listening on port 63087
1642686893011	RemoteAgent	WARN	TLS certificate errors will be ignored for this session
JavaScript error: https://wenshu.court.gov.cn/common/static/scripts/lawyeeui/website.js?v=1565674602637, line 1: SyntaxError: expected expression, got '<'
JavaScript warning: https://wenshu.court.gov.cn/ line 26 > eval, line 1: WEBGL_debug_renderer_info is deprecated in Firefox and will be removed. Please use RENDERER.
console.warn: LoginRecipes: "getRecipes: falling back to a synchronous message for:" "https://wenshu.court.gov.cn"
console.warn: LoginRecipes: "getRecipes: falling back to a synchronous message for:" "https://account.court.gov.cn"
1642687023819	Marionette	INFO	Stopped listening on port 63087

###!!! [Parent][RunMessage] Error: Channel closing: too late to send/recv, messages will be lost

1642687271229	geckodriver	INFO	Listening on 127.0.0.1:65158
1642687274277	mozrunner::runner	INFO	Running command: "C:\\Program Files\\Mozilla Firefox\\firefox.exe" "--marionette" "-no-remote" "-profile" "C:\\Users\\kevin\\AppData\\Local\\Temp\\rust_mozprofilegX7Ent"
1642687274993	Marionette	INFO	Marionette enabled
console.warn: SearchSettings: "get: No settings file exists, new profile?" (new NotFoundError("Could not open the file at C:\\Users\\kevin\\AppData\\Local\\Temp\\rust_mozprofilegX7Ent\\search.json.mozlz4", (void 0)))
1642687277557	Marionette	INFO	Listening on port 65167
1642687277964	RemoteAgent	WARN	TLS certificate errors will be ignored for this session
JavaScript error: https://wenshu.court.gov.cn/website/common/plugins/layui/lay/modules/layer.js, line 1: SyntaxError: expected expression, got '<'
JavaScript warning: https://wenshu.court.gov.cn/ line 26 > eval, line 1: WEBGL_debug_renderer_info is deprecated in Firefox and will be removed. Please use RENDERER.
console.warn: LoginRecipes: "getRecipes: falling back to a synchronous message for:" "https://account.court.gov.cn"
JavaScript error: https://wenshu.court.gov.cn/website/common/plugins/layui/lay/modules/layer.js, line 1: SyntaxError: expected expression, got '<'
JavaScript error: https://wenshu.court.gov.cn/website/common/plugins/layui/lay/modules/upload.js, line 1: SyntaxError: expected expression, got '<'
1642687419245	Marionette	INFO	Stopped listening on port 65167

###!!! [Parent][RunMessage] Error: Channel closing: too late to send/recv, messages will be lost

1642687563795	geckodriver	INFO	Listening on 127.0.0.1:50579
1642687566829	mozrunner::runner	INFO	Running command: "C:\\Program Files\\Mozilla Firefox\\firefox.exe" "--marionette" "-no-remote" "-profile" "C:\\Users\\kevin\\AppData\\Local\\Temp\\rust_mozprofileLHC3GJ"
1642687567551	Marionette	INFO	Marionette enabled
console.warn: SearchSettings: "get: No settings file exists, new profile?" (new NotFoundError("Could not open the file at C:\\Users\\kevin\\AppData\\Local\\Temp\\rust_mozprofileLHC3GJ\\search.json.mozlz4", (void 0)))
1642687570310	Marionette	INFO	Listening on port 50590
1642687570507	RemoteAgent	WARN	TLS certificate errors will be ignored for this session
JavaScript error: https://wenshu.court.gov.cn/website/common/plugins/layui/lay/modules/layer.js, line 1: SyntaxError: expected expression, got '<'
JavaScript warning: https://wenshu.court.gov.cn/ line 26 > eval, line 1: WEBGL_debug_renderer_info is deprecated in Firefox and will be removed. Please use RENDERER.
JavaScript error: https://wenshu.court.gov.cn/common/static/scripts/lawyeeui/website.js?v=1565674602516, line 981: TypeError: $page._userInfo is undefined
JavaScript error: https://wenshu.court.gov.cn/website/wenshu/181029BPRY8AYR1P/index.js, line 1: SyntaxError: expected expression, got '<'
JavaScript error: https://wenshu.court.gov.cn/common/static/scripts/lawyeeui/website.js?v=1565674602516, line 1: SyntaxError: expected expression, got '<'
JavaScript error: https://wenshu.court.gov.cn/website/common/plugins/layui/lay/modules/upload.js, line 1: SyntaxError: expected expression, got '<'
JavaScript error: https://wenshu.court.gov.cn/common/static/scripts/lawyeeui/website.js?v=1565674602516, line 1: SyntaxError: expected expression, got '<'
JavaScript error: https://wenshu.court.gov.cn/website/common/plugins/layui/lay/modules/layer.js, line 1: SyntaxError: expected expression, got '<'
JavaScript error: https://wenshu.court.gov.cn/website/common/plugins/layui/lay/modules/layer.js, line 1: SyntaxError: expected expression, got '<'
JavaScript error: https://wenshu.court.gov.cn/website/common/plugins/layui/lay/modules/upload.js, line 1: SyntaxError: expected expression, got '<'
JavaScript error: https://wenshu.court.gov.cn/website/common/plugins/layui/lay/modules/util.js, line 1: SyntaxError: expected expression, got '<'
console.warn: LoginRecipes: "getRecipes: falling back to a synchronous message for:" "https://account.court.gov.cn"
JavaScript error: https://wenshu.court.gov.cn/website/common/plugins/layui/lay/modules/laydate.js, line 1: SyntaxError: expected expression, got '<'
1642687748322	Marionette	INFO	Stopped listening on port 50590

###!!! [Parent][RunMessage] Error: Channel closing: too late to send/recv, messages will be lost

1642691926474	geckodriver	INFO	Listening on 127.0.0.1:54712
1642691929513	mozrunner::runner	INFO	Running command: "C:\\Program Files\\Mozilla Firefox\\firefox.exe" "--marionette" "-no-remote" "-profile" "C:\\Users\\kevin\\AppData\\Local\\Temp\\rust_mozprofileQqDVcH"
1642691930799	Marionette	INFO	Marionette enabled
console.warn: SearchSettings: "get: No settings file exists, new profile?" (new NotFoundError("Could not open the file at C:\\Users\\kevin\\AppData\\Local\\Temp\\rust_mozprofileQqDVcH\\search.json.mozlz4", (void 0)))
1642691934834	Marionette	INFO	Listening on port 54722
1642691934876	RemoteAgent	WARN	TLS certificate errors will be ignored for this session
JavaScript error: https://wenshu.court.gov.cn/common/static/scripts/lawyeeui/website.js?v=1565674602637, line 1: SyntaxError: expected expression, got '<'
JavaScript warning: https://wenshu.court.gov.cn/ line 26 > eval, line 1: WEBGL_debug_renderer_info is deprecated in Firefox and will be removed. Please use RENDERER.
JavaScript error: https://wenshu.court.gov.cn/common/static/scripts/lawyeeui/website.js?v=1565674602516, line 981: TypeError: $page._userInfo is undefined
JavaScript error: https://wenshu.court.gov.cn/website/common/plugins/layui/lay/modules/layer.js, line 1: SyntaxError: expected expression, got '<'
JavaScript error: https://wenshu.court.gov.cn/website/wenshu/js/sanji/citySet.js, line 1: SyntaxError: expected expression, got '<'
JavaScript error: https://wenshu.court.gov.cn/website/wenshu/js/strToBinary.js, line 1: SyntaxError: expected expression, got '<'
JavaScript error: https://wenshu.court.gov.cn/website/wenshu/181029BPRY8AYR1P/index.js, line 1: SyntaxError: expected expression, got '<'
JavaScript error: https://wenshu.court.gov.cn/website/common/plugins/layui/lay/modules/layer.js, line 1: SyntaxError: expected expression, got '<'
JavaScript error: https://wenshu.court.gov.cn/website/common/plugins/layui/lay/modules/laydate.js, line 1: SyntaxError: expected expression, got '<'
JavaScript error: https://wenshu.court.gov.cn/website/wenshu/js/sanji/cityJson.js, line 1: SyntaxError: expected expression, got '<'
JavaScript error: https://wenshu.court.gov.cn/website/wenshu/js/sanji/citySet.js, line 1: SyntaxError: expected expression, got '<'
JavaScript error: https://wenshu.court.gov.cn/website/wenshu/181029BPRY8AYR1P/index.js, line 1: SyntaxError: expected expression, got '<'
JavaScript error: https://wenshu.court.gov.cn/website/common/plugins/layui/lay/modules/util.js, line 1: SyntaxError: expected expression, got '<'
JavaScript error: https://wenshu.court.gov.cn/website/common/plugins/layui/lay/modules/util.js, line 1: SyntaxError: expected expression, got '<'
console.warn: LoginRecipes: "getRecipes: falling back to a synchronous message for:" "https://account.court.gov.cn"
JavaScript error: https://wenshu.court.gov.cn/website/common/plugins/layui/lay/modules/layer.js, line 1: SyntaxError: expected expression, got '<'
1642692091519	Marionette	INFO	Stopped listening on port 54722

###!!! [Parent][RunMessage] Error: Channel closing: too late to send/recv, messages will be lost

1642730574927	geckodriver	INFO	Listening on 127.0.0.1:63562
1642730577981	mozrunner::runner	INFO	Running command: "C:\\Program Files\\Mozilla Firefox\\firefox.exe" "--marionette" "-no-remote" "-profile" "C:\\Users\\kevin\\AppData\\Local\\Temp\\rust_mozprofileQjdrTv"
1642730578715	Marionette	INFO	Marionette enabled
console.warn: SearchSettings: "get: No settings file exists, new profile?" (new NotFoundError("Could not open the file at C:\\Users\\kevin\\AppData\\Local\\Temp\\rust_mozprofileQjdrTv\\search.json.mozlz4", (void 0)))
1642730581280	Marionette	INFO	Listening on port 63573
1642730581673	RemoteAgent	WARN	TLS certificate errors will be ignored for this session
JavaScript error: https://wenshu.court.gov.cn/website/wenshu/js/placeholder.js, line 1: SyntaxError: expected expression, got '<'
JavaScript error: https://wenshu.court.gov.cn/website/wenshu/js/common.js, line 1: SyntaxError: expected expression, got '<'
JavaScript error: https://wenshu.court.gov.cn/website/wenshu/181029CR4M5A62CH/index.js, line 1: SyntaxError: expected expression, got '<'
JavaScript warning: https://wenshu.court.gov.cn/ line 26 > eval, line 1: WEBGL_debug_renderer_info is deprecated in Firefox and will be removed. Please use RENDERER.
console.warn: LoginRecipes: "getRecipes: falling back to a synchronous message for:" "https://account.court.gov.cn"
JavaScript error: https://wenshu.court.gov.cn/website/wenshu/js/common.js, line 1: SyntaxError: expected expression, got '<'
JavaScript error: https://wenshu.court.gov.cn/website/wenshu/181029CR4M5A62CH/index.js, line 554: ReferenceError: getNickName is not defined
JavaScript error: https://wenshu.court.gov.cn/common/static/scripts/lawyeeui/website.js?v=1565674602637, line 1: SyntaxError: expected expression, got '<'
1642730672940	Marionette	INFO	Stopped listening on port 63573

###!!! [Parent][RunMessage] Error: Channel closing: too late to send/recv, messages will be lost

1642730964856	geckodriver	INFO	Listening on 127.0.0.1:64306
1642730967897	mozrunner::runner	INFO	Running command: "C:\\Program Files\\Mozilla Firefox\\firefox.exe" "--marionette" "-no-remote" "-profile" "C:\\Users\\kevin\\AppData\\Local\\Temp\\rust_mozprofilez64FAE"
1642730968625	Marionette	INFO	Marionette enabled
console.warn: SearchSettings: "get: No settings file exists, new profile?" (new NotFoundError("Could not open the file at C:\\Users\\kevin\\AppData\\Local\\Temp\\rust_mozprofilez64FAE\\search.json.mozlz4", (void 0)))
1642730971414	Marionette	INFO	Listening on port 64316
1642730971576	RemoteAgent	WARN	TLS certificate errors will be ignored for this session
JavaScript error: https://wenshu.court.gov.cn/website/wenshu/js/placeholder.js, line 1: SyntaxError: expected expression, got '<'
JavaScript error: https://wenshu.court.gov.cn/website/wenshu/js/common.js, line 1: SyntaxError: expected expression, got '<'
JavaScript error: https://wenshu.court.gov.cn/website/wenshu/181029CR4M5A62CH/index.js, line 1: SyntaxError: expected expression, got '<'
JavaScript warning: https://wenshu.court.gov.cn/ line 26 > eval, line 1: WEBGL_debug_renderer_info is deprecated in Firefox and will be removed. Please use RENDERER.
console.warn: LoginRecipes: "getRecipes: falling back to a synchronous message for:" "https://account.court.gov.cn"
JavaScript error: https://wenshu.court.gov.cn/website/common/plugins/layui/lay/modules/laydate.js, line 1: SyntaxError: expected expression, got '<'
1642731067439	Marionette	INFO	Stopped listening on port 64316
[Parent 4840, IPC I/O Parent] WARNING: file /builds/worker/checkouts/gecko/ipc/chromium/src/base/process_util_win.cc:167
1642731169414	geckodriver	INFO	Listening on 127.0.0.1:64963
1642731172436	mozrunner::runner	INFO	Running command: "C:\\Program Files\\Mozilla Firefox\\firefox.exe" "--marionette" "-no-remote" "-profile" "C:\\Users\\kevin\\AppData\\Local\\Temp\\rust_mozprofileLp1y4F"
1642731173146	Marionette	INFO	Marionette enabled
console.warn: SearchSettings: "get: No settings file exists, new profile?" (new NotFoundError("Could not open the file at C:\\Users\\kevin\\AppData\\Local\\Temp\\rust_mozprofileLp1y4F\\search.json.mozlz4", (void 0)))
1642731175892	Marionette	INFO	Listening on port 64974
1642731176099	RemoteAgent	WARN	TLS certificate errors will be ignored for this session
JavaScript error: https://wenshu.court.gov.cn/website/wenshu/js/wenshulist1.js, line 1: SyntaxError: expected expression, got '<'
JavaScript error: https://wenshu.court.gov.cn/website/wenshu/js/common.js, line 1: SyntaxError: expected expression, got '<'
JavaScript error: https://wenshu.court.gov.cn/website/wenshu/181029CR4M5A62CH/index.js, line 1: SyntaxError: expected expression, got '<'
JavaScript warning: https://wenshu.court.gov.cn/ line 26 > eval, line 1: WEBGL_debug_renderer_info is deprecated in Firefox and will be removed. Please use RENDERER.
JavaScript error: https://wenshu.court.gov.cn/website/common/plugins/layui/lay/modules/laydate.js, line 1: SyntaxError: expected expression, got '<'
JavaScript error: https://wenshu.court.gov.cn/website/common/plugins/layui/lay/modules/laydate.js, line 1: SyntaxError: expected expression, got '<'
JavaScript error: https://wenshu.court.gov.cn/website/common/plugins/layui/lay/modules/layer.js, line 1: SyntaxError: expected expression, got '<'
JavaScript error: https://wenshu.court.gov.cn/website/common/plugins/layui/lay/modules/laydate.js, line 1: SyntaxError: expected expression, got '<'
JavaScript error: https://wenshu.court.gov.cn/website/common/plugins/layui/lay/modules/laydate.js, line 1: SyntaxError: expected expression, got '<'
1642731339028	Marionette	INFO	Stopped listening on port 64974
console.warn: TopSitesFeed: Failed to fetch data from Contile server: NetworkError when attempting to fetch resource.
JavaScript error: chrome://remote/content/marionette/cert.js, line 55: NS_ERROR_NOT_AVAILABLE: Component returned failure code: 0x80040111 (NS_ERROR_NOT_AVAILABLE) [nsICertOverrideService.setDisableAllSecurityChecksAndLetAttackersInterceptMyData]
1642731351824	geckodriver	INFO	Listening on 127.0.0.1:59404
1642731354879	mozrunner::runner	INFO	Running command: "C:\\Program Files\\Mozilla Firefox\\firefox.exe" "--marionette" "-no-remote" "-profile" "C:\\Users\\kevin\\AppData\\Local\\Temp\\rust_mozprofile0UpB7e"
1642731355586	Marionette	INFO	Marionette enabled
console.warn: SearchSettings: "get: No settings file exists, new profile?" (new NotFoundError("Could not open the file at C:\\Users\\kevin\\AppData\\Local\\Temp\\rust_mozprofile0UpB7e\\search.json.mozlz4", (void 0)))
1642731358094	Marionette	INFO	Listening on port 59416
1642731358534	RemoteAgent	WARN	TLS certificate errors will be ignored for this session
JavaScript warning: https://wenshu.court.gov.cn/ line 26 > eval, line 1: WEBGL_debug_renderer_info is deprecated in Firefox and will be removed. Please use RENDERER.
1642731386800	Marionette	INFO	Stopped listening on port 59416
console.warn: TopSitesFeed: Failed to fetch data from Contile server: NetworkError when attempting to fetch resource.
JavaScript error: chrome://remote/content/marionette/cert.js, line 55: NS_ERROR_NOT_AVAILABLE: Component returned failure code: 0x80040111 (NS_ERROR_NOT_AVAILABLE) [nsICertOverrideService.setDisableAllSecurityChecksAndLetAttackersInterceptMyData]
1642737307590	geckodriver	INFO	Listening on 127.0.0.1:54050
1642737310626	mozrunner::runner	INFO	Running command: "C:\\Program Files\\Mozilla Firefox\\firefox.exe" "--marionette" "-no-remote" "-profile" "C:\\Users\\kevin\\AppData\\Local\\Temp\\rust_mozprofilevEzeCE"
1642737311368	Marionette	INFO	Marionette enabled
console.warn: SearchSettings: "get: No settings file exists, new profile?" (new NotFoundError("Could not open the file at C:\\Users\\kevin\\AppData\\Local\\Temp\\rust_mozprofilevEzeCE\\search.json.mozlz4", (void 0)))
1642737314145	Marionette	INFO	Listening on port 54059
1642737314300	RemoteAgent	WARN	TLS certificate errors will be ignored for this session
JavaScript error: https://wenshu.court.gov.cn/website/common/plugins/layui/lay/modules/laydate.js, line 1: SyntaxError: expected expression, got '<'
JavaScript warning: https://wenshu.court.gov.cn/ line 26 > eval, line 1: WEBGL_debug_renderer_info is deprecated in Firefox and will be removed. Please use RENDERER.
console.warn: LoginRecipes: "getRecipes: falling back to a synchronous message for:" "https://account.court.gov.cn"
JavaScript error: https://wenshu.court.gov.cn/website/wenshu/js/wenshulist1.js, line 1: SyntaxError: expected expression, got '<'
JavaScript error: https://wenshu.court.gov.cn/website/wenshu/js/placeholder.js, line 1: SyntaxError: expected expression, got '<'
JavaScript error: https://wenshu.court.gov.cn/website/wenshu/js/common.js, line 1: SyntaxError: expected expression, got '<'
JavaScript error: https://wenshu.court.gov.cn/website/wenshu/181029CR4M5A62CH/index.js, line 1: SyntaxError: expected expression, got '<'
1642737359952	Marionette	INFO	Stopped listening on port 54059
console.warn: TopSitesFeed: Failed to fetch data from Contile server: NetworkError when attempting to fetch resource.
JavaScript error: chrome://remote/content/marionette/cert.js, line 55: NS_ERROR_NOT_AVAILABLE: Component returned failure code: 0x80040111 (NS_ERROR_NOT_AVAILABLE) [nsICertOverrideService.setDisableAllSecurityChecksAndLetAttackersInterceptMyData]

###!!! [Parent][RunMessage] Error: Channel closing: too late to send/recv, messages will be lost

1642737544290	geckodriver	INFO	Listening on 127.0.0.1:54338
1642737547329	mozrunner::runner	INFO	Running command: "C:\\Program Files\\Mozilla Firefox\\firefox.exe" "--marionette" "-no-remote" "-profile" "C:\\Users\\kevin\\AppData\\Local\\Temp\\rust_mozprofileTsM5qk"
1642737548051	Marionette	INFO	Marionette enabled
console.warn: SearchSettings: "get: No settings file exists, new profile?" (new NotFoundError("Could not open the file at C:\\Users\\kevin\\AppData\\Local\\Temp\\rust_mozprofileTsM5qk\\search.json.mozlz4", (void 0)))
1642737550761	Marionette	INFO	Listening on port 54349
1642737551020	RemoteAgent	WARN	TLS certificate errors will be ignored for this session
JavaScript error: https://wenshu.court.gov.cn/website/wenshu/js/accounting.min.js, line 1: SyntaxError: expected expression, got '<'
JavaScript error: https://wenshu.court.gov.cn/website/wenshu/js/placeholder.js, line 1: SyntaxError: expected expression, got '<'
JavaScript error: https://wenshu.court.gov.cn/website/wenshu/js/common.js, line 1: SyntaxError: expected expression, got '<'
JavaScript error: https://wenshu.court.gov.cn/website/wenshu/181029CR4M5A62CH/index.js, line 1: SyntaxError: expected expression, got '<'
JavaScript warning: https://wenshu.court.gov.cn/ line 26 > eval, line 1: WEBGL_debug_renderer_info is deprecated in Firefox and will be removed. Please use RENDERER.
JavaScript error: https://wenshu.court.gov.cn/website/common/plugins/layui/lay/modules/util.js, line 1: SyntaxError: expected expression, got '<'
JavaScript error: https://wenshu.court.gov.cn/website/common/plugins/layui/lay/modules/upload.js, line 1: SyntaxError: expected expression, got '<'
1642737587761	Marionette	INFO	Stopped listening on port 54349
console.warn: TopSitesFeed: Failed to fetch data from Contile server: NetworkError when attempting to fetch resource.
JavaScript error: chrome://remote/content/marionette/cert.js, line 55: NS_ERROR_NOT_AVAILABLE: Component returned failure code: 0x80040111 (NS_ERROR_NOT_AVAILABLE) [nsICertOverrideService.setDisableAllSecurityChecksAndLetAttackersInterceptMyData]

###!!! [Parent][RunMessage] Error: Channel closing: too late to send/recv, messages will be lost

1642738750881	geckodriver	INFO	Listening on 127.0.0.1:55608
1642738753935	mozrunner::runner	INFO	Running command: "C:\\Program Files\\Mozilla Firefox\\firefox.exe" "--marionette" "-no-remote" "-profile" "C:\\Users\\kevin\\AppData\\Local\\Temp\\rust_mozprofileOQNtle"
1642738754752	Marionette	INFO	Marionette enabled
console.warn: SearchSettings: "get: No settings file exists, new profile?" (new NotFoundError("Could not open the file at C:\\Users\\kevin\\AppData\\Local\\Temp\\rust_mozprofileOQNtle\\search.json.mozlz4", (void 0)))
1642738757795	Marionette	INFO	Listening on port 55617
1642738758127	RemoteAgent	WARN	TLS certificate errors will be ignored for this session
JavaScript error: https://wenshu.court.gov.cn/website/wenshu/js/placeholder.js, line 1: SyntaxError: expected expression, got '<'
JavaScript error: https://wenshu.court.gov.cn/website/wenshu/181029CR4M5A62CH/index.js, line 1: SyntaxError: expected expression, got '<'
JavaScript warning: https://wenshu.court.gov.cn/ line 26 > eval, line 1: WEBGL_debug_renderer_info is deprecated in Firefox and will be removed. Please use RENDERER.
console.warn: LoginRecipes: "getRecipes: falling back to a synchronous message for:" "https://account.court.gov.cn"
JavaScript error: https://wenshu.court.gov.cn/common/static/scripts/lawyeeui/website.js?v=1565674602637, line 1: SyntaxError: expected expression, got '<'
1642738793791	Marionette	INFO	Stopped listening on port 55617
console.warn: TopSitesFeed: Failed to fetch data from Contile server: NetworkError when attempting to fetch resource.
JavaScript error: chrome://remote/content/marionette/cert.js, line 55: NS_ERROR_NOT_AVAILABLE: Component returned failure code: 0x80040111 (NS_ERROR_NOT_AVAILABLE) [nsICertOverrideService.setDisableAllSecurityChecksAndLetAttackersInterceptMyData]

###!!! [Parent][RunMessage] Error: Channel closing: too late to send/recv, messages will be lost

1642738853669	geckodriver	INFO	Listening on 127.0.0.1:55747
1642738856702	mozrunner::runner	INFO	Running command: "C:\\Program Files\\Mozilla Firefox\\firefox.exe" "--marionette" "-no-remote" "-profile" "C:\\Users\\kevin\\AppData\\Local\\Temp\\rust_mozprofilelziXPN"
1642738857554	Marionette	INFO	Marionette enabled
console.warn: SearchSettings: "get: No settings file exists, new profile?" (new NotFoundError("Could not open the file at C:\\Users\\kevin\\AppData\\Local\\Temp\\rust_mozprofilelziXPN\\search.json.mozlz4", (void 0)))
1642738860577	Marionette	INFO	Listening on port 55756
1642738860889	RemoteAgent	WARN	TLS certificate errors will be ignored for this session
JavaScript error: https://wenshu.court.gov.cn/website/common/plugins/layui/lay/modules/layer.js, line 1: SyntaxError: expected expression, got '<'
JavaScript warning: https://wenshu.court.gov.cn/ line 26 > eval, line 1: WEBGL_debug_renderer_info is deprecated in Firefox and will be removed. Please use RENDERER.
console.warn: LoginRecipes: "getRecipes: falling back to a synchronous message for:" "https://account.court.gov.cn"
JavaScript error: https://wenshu.court.gov.cn/website/common/plugins/layui/lay/modules/layer.js, line 1: SyntaxError: expected expression, got '<'
1642738980697	Marionette	INFO	Stopped listening on port 55756
[Parent 18304, IPC I/O Parent] WARNING: file /builds/worker/checkouts/gecko/ipc/chromium/src/base/process_util_win.cc:167

###!!! [Parent][RunMessage] Error: Channel closing: too late to send/recv, messages will be lost

1642739172649	geckodriver	INFO	Listening on 127.0.0.1:56735
1642739175674	mozrunner::runner	INFO	Running command: "C:\\Program Files\\Mozilla Firefox\\firefox.exe" "--marionette" "-no-remote" "-profile" "C:\\Users\\kevin\\AppData\\Local\\Temp\\rust_mozprofileDwqGCm"
1642739176489	Marionette	INFO	Marionette enabled
console.warn: SearchSettings: "get: No settings file exists, new profile?" (new NotFoundError("Could not open the file at C:\\Users\\kevin\\AppData\\Local\\Temp\\rust_mozprofileDwqGCm\\search.json.mozlz4", (void 0)))
1642739179554	Marionette	INFO	Listening on port 56745
1642739179876	RemoteAgent	WARN	TLS certificate errors will be ignored for this session
JavaScript error: https://wenshu.court.gov.cn/website/common/plugins/layui/lay/modules/layer.js, line 1: SyntaxError: expected expression, got '<'
JavaScript warning: https://wenshu.court.gov.cn/ line 26 > eval, line 1: WEBGL_debug_renderer_info is deprecated in Firefox and will be removed. Please use RENDERER.
console.warn: LoginRecipes: "getRecipes: falling back to a synchronous message for:" "https://account.court.gov.cn"
JavaScript error: https://wenshu.court.gov.cn/common/static/scripts/lawyeeui/website.js?v=1565674602637, line 1: SyntaxError: expected expression, got '<'
1642739293314	Marionette	INFO	Stopped listening on port 56745

###!!! [Parent][RunMessage] Error: Channel closing: too late to send/recv, messages will be lost

1642739494769	geckodriver	INFO	Listening on 127.0.0.1:57737
1642739497810	mozrunner::runner	INFO	Running command: "C:\\Program Files\\Mozilla Firefox\\firefox.exe" "--marionette" "-no-remote" "-profile" "C:\\Users\\kevin\\AppData\\Local\\Temp\\rust_mozprofileZUU9D5"
1642739498603	Marionette	INFO	Marionette enabled
console.warn: SearchSettings: "get: No settings file exists, new profile?" (new NotFoundError("Could not open the file at C:\\Users\\kevin\\AppData\\Local\\Temp\\rust_mozprofileZUU9D5\\search.json.mozlz4", (void 0)))
1642739501513	Marionette	INFO	Listening on port 57747
1642739502007	RemoteAgent	WARN	TLS certificate errors will be ignored for this session
JavaScript error: https://wenshu.court.gov.cn/common/static/scripts/lawyeeui/website.js?v=1565674602637, line 1: SyntaxError: expected expression, got '<'
JavaScript warning: https://wenshu.court.gov.cn/ line 26 > eval, line 1: WEBGL_debug_renderer_info is deprecated in Firefox and will be removed. Please use RENDERER.
JavaScript error: https://wenshu.court.gov.cn/common/static/scripts/lawyeeui/website.js?v=1565674602516, line 981: TypeError: $page._userInfo is undefined
JavaScript error: https://wenshu.court.gov.cn/common/static/scripts/lawyeeui/website.js?v=1565674602516, line 1: SyntaxError: expected expression, got '<'
1642739531898	Marionette	INFO	Stopped listening on port 57747
console.warn: TopSitesFeed: Failed to fetch data from Contile server: NetworkError when attempting to fetch resource.
JavaScript error: chrome://remote/content/marionette/cert.js, line 55: NS_ERROR_NOT_AVAILABLE: Component returned failure code: 0x80040111 (NS_ERROR_NOT_AVAILABLE) [nsICertOverrideService.setDisableAllSecurityChecksAndLetAttackersInterceptMyData]

###!!! [Parent][RunMessage] Error: Channel closing: too late to send/recv, messages will be lost

1642739597382	geckodriver	INFO	Listening on 127.0.0.1:57902
1642739600406	mozrunner::runner	INFO	Running command: "C:\\Program Files\\Mozilla Firefox\\firefox.exe" "--marionette" "-no-remote" "-profile" "C:\\Users\\kevin\\AppData\\Local\\Temp\\rust_mozprofilexXNGDU"
1642739601307	Marionette	INFO	Marionette enabled
console.warn: SearchSettings: "get: No settings file exists, new profile?" (new NotFoundError("Could not open the file at C:\\Users\\kevin\\AppData\\Local\\Temp\\rust_mozprofilexXNGDU\\search.json.mozlz4", (void 0)))
1642739604131	Marionette	INFO	Listening on port 57912
1642739604613	RemoteAgent	WARN	TLS certificate errors will be ignored for this session
JavaScript error: https://wenshu.court.gov.cn/website/common/plugins/layui/lay/modules/layer.js, line 1: SyntaxError: expected expression, got '<'
JavaScript warning: https://wenshu.court.gov.cn/ line 26 > eval, line 1: WEBGL_debug_renderer_info is deprecated in Firefox and will be removed. Please use RENDERER.
console.warn: LoginRecipes: "getRecipes: falling back to a synchronous message for:" "https://account.court.gov.cn"
JavaScript error: https://wenshu.court.gov.cn/website/wenshu/js/common.js, line 1: SyntaxError: expected expression, got '<'
JavaScript error: https://wenshu.court.gov.cn/website/wenshu/181029CR4M5A62CH/index.js, line 1: SyntaxError: expected expression, got '<'
1642739722329	Marionette	INFO	Stopped listening on port 57912
[Parent 19408, IPC I/O Parent] WARNING: file /builds/worker/checkouts/gecko/ipc/chromium/src/base/process_util_win.cc:167

###!!! [Parent][RunMessage] Error: Channel closing: too late to send/recv, messages will be lost

1642745911698	geckodriver	INFO	Listening on 127.0.0.1:61011
1642745914728	mozrunner::runner	INFO	Running command: "C:\\Program Files\\Mozilla Firefox\\firefox.exe" "--marionette" "-no-remote" "-profile" "C:\\Users\\kevin\\AppData\\Local\\Temp\\rust_mozprofileUFF7a8"
1642745915607	Marionette	INFO	Marionette enabled
console.warn: SearchSettings: "get: No settings file exists, new profile?" (new NotFoundError("Could not open the file at C:\\Users\\kevin\\AppData\\Local\\Temp\\rust_mozprofileUFF7a8\\search.json.mozlz4", (void 0)))
1642745918457	Marionette	INFO	Listening on port 61025
1642745918956	RemoteAgent	WARN	TLS certificate errors will be ignored for this session
JavaScript error: https://wenshu.court.gov.cn/website/common/plugins/layui/lay/modules/util.js, line 1: SyntaxError: expected expression, got '<'
JavaScript warning: https://wenshu.court.gov.cn/ line 26 > eval, line 1: WEBGL_debug_renderer_info is deprecated in Firefox and will be removed. Please use RENDERER.
1642745933271	Marionette	INFO	Stopped listening on port 61025
console.warn: TopSitesFeed: Failed to fetch data from Contile server: NetworkError when attempting to fetch resource.
JavaScript error: chrome://remote/content/marionette/cert.js, line 55: NS_ERROR_NOT_AVAILABLE: Component returned failure code: 0x80040111 (NS_ERROR_NOT_AVAILABLE) [nsICertOverrideService.setDisableAllSecurityChecksAndLetAttackersInterceptMyData]

###!!! [Parent][RunMessage] Error: Channel closing: too late to send/recv, messages will be lost

1642746000464	geckodriver	INFO	Listening on 127.0.0.1:61134
1642746003507	mozrunner::runner	INFO	Running command: "C:\\Program Files\\Mozilla Firefox\\firefox.exe" "--marionette" "-no-remote" "-profile" "C:\\Users\\kevin\\AppData\\Local\\Temp\\rust_mozprofilet8uUzr"
1642746004348	Marionette	INFO	Marionette enabled
console.warn: SearchSettings: "get: No settings file exists, new profile?" (new NotFoundError("Could not open the file at C:\\Users\\kevin\\AppData\\Local\\Temp\\rust_mozprofilet8uUzr\\search.json.mozlz4", (void 0)))
1642746007319	Marionette	INFO	Listening on port 61143
1642746007722	RemoteAgent	WARN	TLS certificate errors will be ignored for this session
JavaScript error: https://wenshu.court.gov.cn/website/common/plugins/layui/lay/modules/layer.js, line 1: SyntaxError: expected expression, got '<'
JavaScript warning: https://wenshu.court.gov.cn/ line 26 > eval, line 1: WEBGL_debug_renderer_info is deprecated in Firefox and will be removed. Please use RENDERER.
JavaScript error: https://wenshu.court.gov.cn/common/static/scripts/lawyeeui/website.js?v=1565674602516, line 981: TypeError: $page._userInfo is undefined
JavaScript error: https://wenshu.court.gov.cn/website/wenshu/js/sanji/citySet.js, line 1: SyntaxError: expected expression, got '<'
JavaScript error: https://wenshu.court.gov.cn/website/wenshu/181029BPRY8AYR1P/index.js, line 1: SyntaxError: expected expression, got '<'
JavaScript error: https://wenshu.court.gov.cn/common/static/scripts/lawyeeui/website.js?v=1565674602246, line 1: SyntaxError: expected expression, got '<'
JavaScript error: https://wenshu.court.gov.cn/website/common/plugins/layui/lay/modules/layer.js, line 1: SyntaxError: expected expression, got '<'
1642746075798	Marionette	INFO	Stopped listening on port 61143
console.warn: TopSitesFeed: Failed to fetch data from Contile server: NetworkError when attempting to fetch resource.
JavaScript error: chrome://remote/content/marionette/cert.js, line 55: NS_ERROR_NOT_AVAILABLE: Component returned failure code: 0x80040111 (NS_ERROR_NOT_AVAILABLE) [nsICertOverrideService.setDisableAllSecurityChecksAndLetAttackersInterceptMyData]

###!!! [Parent][RunMessage] Error: Channel closing: too late to send/recv, messages will be lost

1642746154261	geckodriver	INFO	Listening on 127.0.0.1:61329
1642746157295	mozrunner::runner	INFO	Running command: "C:\\Program Files\\Mozilla Firefox\\firefox.exe" "--marionette" "-no-remote" "-profile" "C:\\Users\\kevin\\AppData\\Local\\Temp\\rust_mozprofile5Wt6U7"
1642746158138	Marionette	INFO	Marionette enabled
console.warn: SearchSettings: "get: No settings file exists, new profile?" (new NotFoundError("Could not open the file at C:\\Users\\kevin\\AppData\\Local\\Temp\\rust_mozprofile5Wt6U7\\search.json.mozlz4", (void 0)))
1642746161225	Marionette	INFO	Listening on port 61341
1642746161509	RemoteAgent	WARN	TLS certificate errors will be ignored for this session
JavaScript error: https://wenshu.court.gov.cn/website/wenshu/js/placeholder.js, line 1: SyntaxError: expected expression, got '<'
JavaScript error: https://wenshu.court.gov.cn/website/wenshu/js/common.js, line 1: SyntaxError: expected expression, got '<'
JavaScript error: https://wenshu.court.gov.cn/website/wenshu/181029CR4M5A62CH/index.js, line 1: SyntaxError: expected expression, got '<'
JavaScript warning: https://wenshu.court.gov.cn/ line 26 > eval, line 1: WEBGL_debug_renderer_info is deprecated in Firefox and will be removed. Please use RENDERER.
console.warn: LoginRecipes: "getRecipes: falling back to a synchronous message for:" "https://account.court.gov.cn"
JavaScript error: https://wenshu.court.gov.cn/website/common/plugins/layui/lay/modules/layer.js, line 1: SyntaxError: expected expression, got '<'
1642746299400	Marionette	INFO	Stopped listening on port 61341

###!!! [Parent][RunMessage] Error: Channel closing: too late to send/recv, messages will be lost

1642747033028	geckodriver	INFO	Listening on 127.0.0.1:63005
1642747036059	mozrunner::runner	INFO	Running command: "C:\\Program Files\\Mozilla Firefox\\firefox.exe" "--marionette" "-no-remote" "-profile" "C:\\Users\\kevin\\AppData\\Local\\Temp\\rust_mozprofile49wmXY"
1642747036949	Marionette	INFO	Marionette enabled
console.warn: SearchSettings: "get: No settings file exists, new profile?" (new NotFoundError("Could not open the file at C:\\Users\\kevin\\AppData\\Local\\Temp\\rust_mozprofile49wmXY\\search.json.mozlz4", (void 0)))
1642747039856	Marionette	INFO	Listening on port 63014
1642747040247	RemoteAgent	WARN	TLS certificate errors will be ignored for this session
JavaScript error: https://wenshu.court.gov.cn/website/common/plugins/layui/lay/modules/layer.js, line 1: SyntaxError: expected expression, got '<'
JavaScript warning: https://wenshu.court.gov.cn/ line 26 > eval, line 1: WEBGL_debug_renderer_info is deprecated in Firefox and will be removed. Please use RENDERER.
console.warn: LoginRecipes: "getRecipes: falling back to a synchronous message for:" "https://account.court.gov.cn"
JavaScript error: https://wenshu.court.gov.cn/website/wenshu/js/dist/jstree.min.js, line 1: SyntaxError: expected expression, got '<'
JavaScript error: https://wenshu.court.gov.cn/website/wenshu/js/accounting.min.js, line 1: SyntaxError: expected expression, got '<'
JavaScript error: https://wenshu.court.gov.cn/website/wenshu/js/wenshulist1.js, line 1: SyntaxError: expected expression, got '<'
JavaScript error: https://wenshu.court.gov.cn/website/wenshu/js/placeholder.js, line 1: SyntaxError: expected expression, got '<'
JavaScript error: https://wenshu.court.gov.cn/website/wenshu/js/common.js, line 1: SyntaxError: expected expression, got '<'
JavaScript error: https://wenshu.court.gov.cn/website/wenshu/181029CR4M5A62CH/index.js, line 1: SyntaxError: expected expression, got '<'
1642747149782	Marionette	INFO	Stopped listening on port 63014
console.error: services.settings: 
  main/query-stripping Signature failed  TypeError: NetworkError: Network request failed

###!!! [Parent][RunMessage] Error: Channel closing: too late to send/recv, messages will be lost

